TN:
SF:src/games/bus-jam/state.js
FN:34,createInitialState
FN:37,(anonymous_1)
FN:38,(anonymous_2)
FN:39,(anonymous_3)
FN:40,(anonymous_4)
FN:51,isRoad
FN:58,getBusAt
FN:59,(anonymous_7)
FN:65,getStopAt
FN:66,(anonymous_9)
FN:72,isExit
FN:73,(anonymous_11)
FN:79,getValidMoves
FN:103,findPath
FN:144,canBoard
FN:164,boardPassenger
FN:177,canExit
FN:188,executeExit
FN:198,checkWin
FN:200,(anonymous_19)
FN:203,(anonymous_20)
FN:211,countRemainingPassengers
FN:212,(anonymous_22)
FN:218,getHint
FN:299,cloneState
FN:302,(anonymous_25)
FN:303,(anonymous_26)
FN:304,(anonymous_27)
FN:316,createHistory
FN:323,calculateStars
FNF:30
FNH:0
FNDA:0,createInitialState
FNDA:0,(anonymous_1)
FNDA:0,(anonymous_2)
FNDA:0,(anonymous_3)
FNDA:0,(anonymous_4)
FNDA:0,isRoad
FNDA:0,getBusAt
FNDA:0,(anonymous_7)
FNDA:0,getStopAt
FNDA:0,(anonymous_9)
FNDA:0,isExit
FNDA:0,(anonymous_11)
FNDA:0,getValidMoves
FNDA:0,findPath
FNDA:0,canBoard
FNDA:0,boardPassenger
FNDA:0,canExit
FNDA:0,executeExit
FNDA:0,checkWin
FNDA:0,(anonymous_19)
FNDA:0,(anonymous_20)
FNDA:0,countRemainingPassengers
FNDA:0,(anonymous_22)
FNDA:0,getHint
FNDA:0,cloneState
FNDA:0,(anonymous_25)
FNDA:0,(anonymous_26)
FNDA:0,(anonymous_27)
FNDA:0,createHistory
FNDA:0,calculateStars
DA:14,0
DA:24,0
DA:35,0
DA:37,0
DA:38,0
DA:39,0
DA:40,0
DA:52,0
DA:59,0
DA:66,0
DA:73,0
DA:80,0
DA:82,0
DA:84,0
DA:85,0
DA:86,0
DA:89,0
DA:92,0
DA:94,0
DA:97,0
DA:104,0
DA:105,0
DA:107,0
DA:108,0
DA:109,0
DA:111,0
DA:112,0
DA:115,0
DA:116,0
DA:120,0
DA:121,0
DA:122,0
DA:123,0
DA:125,0
DA:126,0
DA:127,0
DA:129,0
DA:130,0
DA:138,0
DA:145,0
DA:148,0
DA:149,0
DA:150,0
DA:151,0
DA:153,0
DA:154,0
DA:158,0
DA:165,0
DA:166,0
DA:168,0
DA:169,0
DA:171,0
DA:178,0
DA:179,0
DA:182,0
DA:189,0
DA:191,0
DA:192,0
DA:200,0
DA:203,0
DA:205,0
DA:212,0
DA:220,0
DA:221,0
DA:223,0
DA:224,0
DA:225,0
DA:235,0
DA:236,0
DA:238,0
DA:239,0
DA:240,0
DA:241,0
DA:253,0
DA:254,0
DA:256,0
DA:257,0
DA:260,0
DA:261,0
DA:262,0
DA:264,0
DA:265,0
DA:266,0
DA:279,0
DA:280,0
DA:282,0
DA:283,0
DA:284,0
DA:293,0
DA:300,0
DA:302,0
DA:303,0
DA:304,0
DA:317,0
DA:324,0
DA:325,0
DA:326,0
DA:327,0
LF:98
LH:0
BRDA:59,0,0,0
BRDA:59,0,1,0
BRDA:59,0,2,0
BRDA:66,1,0,0
BRDA:66,1,1,0
BRDA:73,2,0,0
BRDA:73,2,1,0
BRDA:80,3,0,0
BRDA:80,3,1,0
BRDA:80,4,0,0
BRDA:80,4,1,0
BRDA:89,5,0,0
BRDA:89,5,1,0
BRDA:92,6,0,0
BRDA:92,6,1,0
BRDA:104,7,0,0
BRDA:104,7,1,0
BRDA:105,8,0,0
BRDA:105,8,1,0
BRDA:115,9,0,0
BRDA:115,9,1,0
BRDA:115,10,0,0
BRDA:115,10,1,0
BRDA:125,11,0,0
BRDA:125,11,1,0
BRDA:126,12,0,0
BRDA:126,12,1,0
BRDA:127,13,0,0
BRDA:127,13,1,0
BRDA:145,14,0,0
BRDA:145,14,1,0
BRDA:145,15,0,0
BRDA:145,15,1,0
BRDA:145,15,2,0
BRDA:153,16,0,0
BRDA:153,16,1,0
BRDA:153,17,0,0
BRDA:153,17,1,0
BRDA:153,17,2,0
BRDA:166,18,0,0
BRDA:166,18,1,0
BRDA:178,19,0,0
BRDA:178,19,1,0
BRDA:178,20,0,0
BRDA:178,20,1,0
BRDA:179,21,0,0
BRDA:179,21,1,0
BRDA:189,22,0,0
BRDA:189,22,1,0
BRDA:205,23,0,0
BRDA:205,23,1,0
BRDA:221,24,0,0
BRDA:221,24,1,0
BRDA:224,25,0,0
BRDA:224,25,1,0
BRDA:236,26,0,0
BRDA:236,26,1,0
BRDA:236,27,0,0
BRDA:236,27,1,0
BRDA:240,28,0,0
BRDA:240,28,1,0
BRDA:240,29,0,0
BRDA:240,29,1,0
BRDA:254,30,0,0
BRDA:254,30,1,0
BRDA:257,31,0,0
BRDA:257,31,1,0
BRDA:257,32,0,0
BRDA:257,32,1,0
BRDA:265,33,0,0
BRDA:265,33,1,0
BRDA:265,34,0,0
BRDA:265,34,1,0
BRDA:280,35,0,0
BRDA:280,35,1,0
BRDA:283,36,0,0
BRDA:283,36,1,0
BRDA:316,37,0,0
BRDA:325,38,0,0
BRDA:325,38,1,0
BRDA:326,39,0,0
BRDA:326,39,1,0
BRF:82
BRH:0
end_of_record
TN:
SF:src/games/parking-escape/state.js
FN:26,createInitialState
FN:29,(anonymous_1)
FN:45,getCarCells
FN:60,getCarAt
FN:61,(anonymous_4)
FN:64,(anonymous_5)
FN:71,canMoveTo
FN:97,getValidMoveRange
FN:142,findCollisions
FN:166,checkWin
FN:167,(anonymous_10)
FN:180,moveCar
FN:181,(anonymous_12)
FN:196,getHint
FN:197,(anonymous_14)
FN:229,cloneState
FN:232,(anonymous_16)
FN:248,createHistory
FN:255,calculateStars
FNF:19
FNH:0
FNDA:0,createInitialState
FNDA:0,(anonymous_1)
FNDA:0,getCarCells
FNDA:0,getCarAt
FNDA:0,(anonymous_4)
FNDA:0,(anonymous_5)
FNDA:0,canMoveTo
FNDA:0,getValidMoveRange
FNDA:0,findCollisions
FNDA:0,checkWin
FNDA:0,(anonymous_10)
FNDA:0,moveCar
FNDA:0,(anonymous_12)
FNDA:0,getHint
FNDA:0,(anonymous_14)
FNDA:0,cloneState
FNDA:0,(anonymous_16)
FNDA:0,createHistory
FNDA:0,calculateStars
DA:14,0
DA:27,0
DA:29,0
DA:46,0
DA:47,0
DA:48,0
DA:49,0
DA:51,0
DA:54,0
DA:61,0
DA:62,0
DA:63,0
DA:64,0
DA:73,0
DA:74,0
DA:75,0
DA:77,0
DA:78,0
DA:82,0
DA:83,0
DA:85,0
DA:86,0
DA:87,0
DA:91,0
DA:98,0
DA:100,0
DA:102,0
DA:103,0
DA:104,0
DA:106,0
DA:110,0
DA:111,0
DA:112,0
DA:114,0
DA:119,0
DA:120,0
DA:121,0
DA:123,0
DA:127,0
DA:128,0
DA:129,0
DA:131,0
DA:136,0
DA:143,0
DA:144,0
DA:145,0
DA:147,0
DA:148,0
DA:149,0
DA:150,0
DA:154,0
DA:156,0
DA:160,0
DA:167,0
DA:168,0
DA:171,0
DA:174,0
DA:181,0
DA:182,0
DA:184,0
DA:186,0
DA:187,0
DA:188,0
DA:190,0
DA:197,0
DA:200,0
DA:201,0
DA:202,0
DA:203,0
DA:212,0
DA:213,0
DA:214,0
DA:215,0
DA:223,0
DA:230,0
DA:232,0
DA:249,0
DA:256,0
DA:257,0
DA:258,0
DA:259,0
LF:81
LH:0
BRDA:48,0,0,0
BRDA:48,0,1,0
BRDA:60,1,0,0
BRDA:62,2,0,0
BRDA:62,2,1,0
BRDA:64,3,0,0
BRDA:64,3,1,0
BRDA:73,4,0,0
BRDA:73,4,1,0
BRDA:74,5,0,0
BRDA:74,5,1,0
BRDA:74,6,0,0
BRDA:74,6,1,0
BRDA:75,7,0,0
BRDA:75,7,1,0
BRDA:77,8,0,0
BRDA:77,8,1,0
BRDA:77,9,0,0
BRDA:77,9,1,0
BRDA:78,10,0,0
BRDA:78,10,1,0
BRDA:86,11,0,0
BRDA:86,11,1,0
BRDA:100,12,0,0
BRDA:100,12,1,0
BRDA:103,13,0,0
BRDA:103,13,1,0
BRDA:111,14,0,0
BRDA:111,14,1,0
BRDA:120,15,0,0
BRDA:120,15,1,0
BRDA:128,16,0,0
BRDA:128,16,1,0
BRDA:149,17,0,0
BRDA:149,17,1,0
BRDA:154,18,0,0
BRDA:154,18,1,0
BRDA:154,19,0,0
BRDA:154,19,1,0
BRDA:154,19,2,0
BRDA:154,19,3,0
BRDA:168,20,0,0
BRDA:168,20,1,0
BRDA:171,21,0,0
BRDA:171,21,1,0
BRDA:182,22,0,0
BRDA:182,22,1,0
BRDA:184,23,0,0
BRDA:184,23,1,0
BRDA:200,24,0,0
BRDA:200,24,1,0
BRDA:202,25,0,0
BRDA:202,25,1,0
BRDA:214,26,0,0
BRDA:214,26,1,0
BRDA:214,27,0,0
BRDA:214,27,1,0
BRDA:217,28,0,0
BRDA:217,28,1,0
BRDA:238,29,0,0
BRDA:238,29,1,0
BRDA:239,30,0,0
BRDA:239,30,1,0
BRDA:248,31,0,0
BRDA:257,32,0,0
BRDA:257,32,1,0
BRDA:258,33,0,0
BRDA:258,33,1,0
BRF:68
BRH:0
end_of_record
TN:
SF:src/games/pull-the-pin/state.js
FN:35,(anonymous_0)
FN:44,(anonymous_1)
FN:45,(anonymous_2)
FN:87,(anonymous_3)
FN:97,(anonymous_4)
FN:109,(anonymous_5)
FN:124,(anonymous_6)
FN:167,(anonymous_7)
FN:219,(anonymous_8)
FN:249,(anonymous_9)
FN:272,createInitialState
FN:274,(anonymous_11)
FN:281,(anonymous_12)
FN:282,(anonymous_13)
FN:283,(anonymous_14)
FN:284,(anonymous_15)
FN:298,removePin
FN:299,(anonymous_17)
FN:313,completePinRemoval
FN:314,(anonymous_19)
FN:329,checkHazardCollision
FN:347,checkGoalCollision
FN:359,updateState
FN:398,checkWinLose
FN:400,(anonymous_24)
FN:403,(anonymous_25)
FN:408,(anonymous_26)
FN:411,(anonymous_27)
FN:412,(anonymous_28)
FN:441,cloneState
FN:443,(anonymous_30)
FN:444,(anonymous_31)
FN:445,(anonymous_32)
FN:446,(anonymous_33)
FN:447,(anonymous_34)
FN:461,createHistory
FN:468,calculateStars
FN:478,getHint
FN:480,(anonymous_38)
FNF:39
FNH:0
FNDA:0,(anonymous_0)
FNDA:0,(anonymous_1)
FNDA:0,(anonymous_2)
FNDA:0,(anonymous_3)
FNDA:0,(anonymous_4)
FNDA:0,(anonymous_5)
FNDA:0,(anonymous_6)
FNDA:0,(anonymous_7)
FNDA:0,(anonymous_8)
FNDA:0,(anonymous_9)
FNDA:0,createInitialState
FNDA:0,(anonymous_11)
FNDA:0,(anonymous_12)
FNDA:0,(anonymous_13)
FNDA:0,(anonymous_14)
FNDA:0,(anonymous_15)
FNDA:0,removePin
FNDA:0,(anonymous_17)
FNDA:0,completePinRemoval
FNDA:0,(anonymous_19)
FNDA:0,checkHazardCollision
FNDA:0,checkGoalCollision
FNDA:0,updateState
FNDA:0,checkWinLose
FNDA:0,(anonymous_24)
FNDA:0,(anonymous_25)
FNDA:0,(anonymous_26)
FNDA:0,(anonymous_27)
FNDA:0,(anonymous_28)
FNDA:0,cloneState
FNDA:0,(anonymous_30)
FNDA:0,(anonymous_31)
FNDA:0,(anonymous_32)
FNDA:0,(anonymous_33)
FNDA:0,(anonymous_34)
FNDA:0,createHistory
FNDA:0,calculateStars
FNDA:0,getHint
FNDA:0,(anonymous_38)
DA:15,0
DA:22,0
DA:36,0
DA:37,0
DA:38,0
DA:45,0
DA:47,0
DA:49,0
DA:52,0
DA:53,0
DA:56,0
DA:57,0
DA:60,0
DA:61,0
DA:64,0
DA:65,0
DA:69,0
DA:70,0
DA:71,0
DA:76,0
DA:77,0
DA:78,0
DA:88,0
DA:89,0
DA:90,0
DA:99,0
DA:100,0
DA:101,0
DA:102,0
DA:110,0
DA:111,0
DA:112,0
DA:113,0
DA:125,0
DA:126,0
DA:127,0
DA:128,0
DA:130,0
DA:132,0
DA:133,0
DA:136,0
DA:137,0
DA:140,0
DA:143,0
DA:146,0
DA:149,0
DA:150,0
DA:151,0
DA:152,0
DA:155,0
DA:156,0
DA:157,0
DA:158,0
DA:159,0
DA:168,0
DA:171,0
DA:172,0
DA:173,0
DA:174,0
DA:176,0
DA:177,0
DA:178,0
DA:180,0
DA:182,0
DA:184,0
DA:186,0
DA:187,0
DA:190,0
DA:191,0
DA:192,0
DA:193,0
DA:196,0
DA:197,0
DA:198,0
DA:199,0
DA:203,0
DA:204,0
DA:206,0
DA:207,0
DA:209,0
DA:210,0
DA:213,0
DA:221,0
DA:222,0
DA:223,0
DA:226,0
DA:227,0
DA:228,0
DA:229,0
DA:230,0
DA:234,0
DA:235,0
DA:237,0
DA:250,0
DA:253,0
DA:254,0
DA:255,0
DA:259,0
DA:262,0
DA:263,0
DA:264,0
DA:273,0
DA:274,0
DA:281,0
DA:282,0
DA:283,0
DA:284,0
DA:299,0
DA:300,0
DA:302,0
DA:303,0
DA:304,0
DA:307,0
DA:314,0
DA:315,0
DA:317,0
DA:318,0
DA:321,0
DA:322,0
DA:330,0
DA:333,0
DA:340,0
DA:348,0
DA:360,0
DA:363,0
DA:366,0
DA:367,0
DA:369,0
DA:370,0
DA:371,0
DA:372,0
DA:378,0
DA:379,0
DA:381,0
DA:382,0
DA:383,0
DA:384,0
DA:385,0
DA:386,0
DA:392,0
DA:400,0
DA:403,0
DA:404,0
DA:408,0
DA:411,0
DA:412,0
DA:415,0
DA:416,0
DA:417,0
DA:418,0
DA:422,0
DA:423,0
DA:424,0
DA:425,0
DA:426,0
DA:430,0
DA:431,0
DA:432,0
DA:433,0
DA:442,0
DA:443,0
DA:444,0
DA:445,0
DA:446,0
DA:447,0
DA:462,0
DA:469,0
DA:470,0
DA:471,0
DA:472,0
DA:480,0
DA:482,0
DA:486,0
DA:487,0
LF:174
LH:0
BRDA:44,0,0,0
BRDA:45,1,0,0
BRDA:45,1,1,0
BRDA:70,2,0,0
BRDA:70,2,1,0
BRDA:77,3,0,0
BRDA:77,3,1,0
BRDA:89,4,0,0
BRDA:89,4,1,0
BRDA:101,5,0,0
BRDA:101,5,1,0
BRDA:130,6,0,0
BRDA:130,6,1,0
BRDA:130,7,0,0
BRDA:130,7,1,0
BRDA:143,8,0,0
BRDA:143,8,1,0
BRDA:182,9,0,0
BRDA:182,9,1,0
BRDA:190,10,0,0
BRDA:190,10,1,0
BRDA:190,11,0,0
BRDA:190,11,1,0
BRDA:196,12,0,0
BRDA:196,12,1,0
BRDA:196,13,0,0
BRDA:196,13,1,0
BRDA:206,14,0,0
BRDA:206,14,1,0
BRDA:209,15,0,0
BRDA:209,15,1,0
BRDA:228,16,0,0
BRDA:228,16,1,0
BRDA:253,17,0,0
BRDA:253,17,1,0
BRDA:262,18,0,0
BRDA:262,18,1,0
BRDA:287,19,0,0
BRDA:287,19,1,0
BRDA:300,20,0,0
BRDA:300,20,1,0
BRDA:300,21,0,0
BRDA:300,21,1,0
BRDA:300,21,2,0
BRDA:315,22,0,0
BRDA:315,22,1,0
BRDA:321,23,0,0
BRDA:321,23,1,0
BRDA:330,24,0,0
BRDA:330,24,1,0
BRDA:330,24,2,0
BRDA:334,25,0,0
BRDA:334,25,1,0
BRDA:334,25,2,0
BRDA:334,25,3,0
BRDA:349,26,0,0
BRDA:349,26,1,0
BRDA:349,26,2,0
BRDA:349,26,3,0
BRDA:360,27,0,0
BRDA:360,27,1,0
BRDA:367,28,0,0
BRDA:367,28,1,0
BRDA:367,29,0,0
BRDA:367,29,1,0
BRDA:370,30,0,0
BRDA:370,30,1,0
BRDA:379,31,0,0
BRDA:379,31,1,0
BRDA:379,32,0,0
BRDA:379,32,1,0
BRDA:382,33,0,0
BRDA:382,33,1,0
BRDA:385,34,0,0
BRDA:385,34,1,0
BRDA:400,35,0,0
BRDA:400,35,1,0
BRDA:404,36,0,0
BRDA:404,36,1,0
BRDA:415,37,0,0
BRDA:415,37,1,0
BRDA:423,38,0,0
BRDA:423,38,1,0
BRDA:430,39,0,0
BRDA:430,39,1,0
BRDA:430,40,0,0
BRDA:430,40,1,0
BRDA:430,40,2,0
BRDA:430,40,3,0
BRDA:431,41,0,0
BRDA:431,41,1,0
BRDA:461,42,0,0
BRDA:470,43,0,0
BRDA:470,43,1,0
BRDA:471,44,0,0
BRDA:471,44,1,0
BRDA:480,45,0,0
BRDA:480,45,1,0
BRDA:482,46,0,0
BRDA:482,46,1,0
BRF:100
BRH:0
end_of_record
TN:
SF:src/games/water-sort/state.js
FN:14,createInitialState
FN:16,(anonymous_1)
FN:30,cloneState
FN:33,(anonymous_3)
FN:42,getTopColor
FN:50,countTopColors
FN:70,canPour
FN:92,getPourAmount
FN:107,executePour
FN:137,isTubeComplete
FN:142,(anonymous_10)
FN:148,checkWin
FN:149,(anonymous_12)
FN:155,countCompletedTubes
FN:156,(anonymous_14)
FN:162,countNonEmptyTubes
FN:163,(anonymous_16)
FN:169,getHint
FN:191,(anonymous_18)
FN:217,calculateStars
FN:227,createHistory
FN:232,(anonymous_21)
FN:245,(anonymous_22)
FN:253,(anonymous_23)
FN:257,(anonymous_24)
FN:262,(anonymous_25)
FNF:26
FNH:0
FNDA:0,createInitialState
FNDA:0,(anonymous_1)
FNDA:0,cloneState
FNDA:0,(anonymous_3)
FNDA:0,getTopColor
FNDA:0,countTopColors
FNDA:0,canPour
FNDA:0,getPourAmount
FNDA:0,executePour
FNDA:0,isTubeComplete
FNDA:0,(anonymous_10)
FNDA:0,checkWin
FNDA:0,(anonymous_12)
FNDA:0,countCompletedTubes
FNDA:0,(anonymous_14)
FNDA:0,countNonEmptyTubes
FNDA:0,(anonymous_16)
FNDA:0,getHint
FNDA:0,(anonymous_18)
FNDA:0,calculateStars
FNDA:0,createHistory
FNDA:0,(anonymous_21)
FNDA:0,(anonymous_22)
FNDA:0,(anonymous_23)
FNDA:0,(anonymous_24)
FNDA:0,(anonymous_25)
DA:15,0
DA:16,0
DA:31,0
DA:33,0
DA:43,0
DA:44,0
DA:51,0
DA:53,0
DA:54,0
DA:56,0
DA:57,0
DA:58,0
DA:60,0
DA:64,0
DA:71,0
DA:73,0
DA:74,0
DA:77,0
DA:80,0
DA:82,0
DA:83,0
DA:86,0
DA:93,0
DA:95,0
DA:96,0
DA:98,0
DA:99,0
DA:101,0
DA:108,0
DA:110,0
DA:111,0
DA:113,0
DA:114,0
DA:115,0
DA:118,0
DA:119,0
DA:123,0
DA:124,0
DA:127,0
DA:128,0
DA:129,0
DA:131,0
DA:138,0
DA:139,0
DA:141,0
DA:142,0
DA:149,0
DA:156,0
DA:163,0
DA:171,0
DA:172,0
DA:173,0
DA:175,0
DA:176,0
DA:179,0
DA:180,0
DA:182,0
DA:185,0
DA:188,0
DA:190,0
DA:191,0
DA:192,0
DA:201,0
DA:202,0
DA:211,0
DA:218,0
DA:219,0
DA:220,0
DA:221,0
DA:228,0
DA:229,0
DA:231,0
DA:234,0
DA:235,0
DA:238,0
DA:239,0
DA:241,0
DA:246,0
DA:247,0
DA:248,0
DA:250,0
DA:254,0
DA:258,0
DA:259,0
DA:263,0
LF:85
LH:0
BRDA:43,0,0,0
BRDA:43,0,1,0
BRDA:51,1,0,0
BRDA:51,1,1,0
BRDA:57,2,0,0
BRDA:57,2,1,0
BRDA:71,3,0,0
BRDA:71,3,1,0
BRDA:77,4,0,0
BRDA:77,4,1,0
BRDA:80,5,0,0
BRDA:80,5,1,0
BRDA:86,6,0,0
BRDA:86,6,1,0
BRDA:93,7,0,0
BRDA:93,7,1,0
BRDA:108,8,0,0
BRDA:108,8,1,0
BRDA:111,9,0,0
BRDA:111,9,1,0
BRDA:138,10,0,0
BRDA:138,10,1,0
BRDA:139,11,0,0
BRDA:139,11,1,0
BRDA:173,12,0,0
BRDA:173,12,1,0
BRDA:180,13,0,0
BRDA:180,13,1,0
BRDA:185,14,0,0
BRDA:185,14,1,0
BRDA:188,15,0,0
BRDA:188,15,1,0
BRDA:188,16,0,0
BRDA:188,16,1,0
BRDA:191,17,0,0
BRDA:191,17,1,0
BRDA:191,18,0,0
BRDA:191,18,1,0
BRDA:191,19,0,0
BRDA:191,19,1,0
BRDA:201,20,0,0
BRDA:201,20,1,0
BRDA:218,21,0,0
BRDA:218,21,1,0
BRDA:219,22,0,0
BRDA:219,22,1,0
BRDA:220,23,0,0
BRDA:220,23,1,0
BRDA:227,24,0,0
BRDA:238,25,0,0
BRDA:238,25,1,0
BRDA:246,26,0,0
BRDA:246,26,1,0
BRF:53
BRH:0
end_of_record
TN:
SF:src/shared/accessibility.js
FN:30,initAccessibility
FN:47,detectSystemPreferences
FN:67,applyStoredSettings
FN:71,(anonymous_3)
FN:93,applyColorblindMode
FN:126,createLiveRegion
FN:154,announce
FN:166,(anonymous_7)
FN:174,listenForPreferenceChanges
FN:177,(anonymous_9)
FN:187,(anonymous_10)
FN:201,setReducedMotion
FN:213,setColorblindMode
FN:223,setHighContrast
FN:236,trapFocus
FN:249,handleKeydown
FN:269,(anonymous_16)
FN:278,getAccessibilitySettings
FN:297,isReducedMotionEnabled
FN:307,isHighContrastEnabled
FN:317,applyAccessibilitySettings
FNF:21
FNH:0
FNDA:0,initAccessibility
FNDA:0,detectSystemPreferences
FNDA:0,applyStoredSettings
FNDA:0,(anonymous_3)
FNDA:0,applyColorblindMode
FNDA:0,createLiveRegion
FNDA:0,announce
FNDA:0,(anonymous_7)
FNDA:0,listenForPreferenceChanges
FNDA:0,(anonymous_9)
FNDA:0,(anonymous_10)
FNDA:0,setReducedMotion
FNDA:0,setColorblindMode
FNDA:0,setHighContrast
FNDA:0,trapFocus
FNDA:0,handleKeydown
FNDA:0,(anonymous_16)
FNDA:0,getAccessibilitySettings
FNDA:0,isReducedMotionEnabled
FNDA:0,isHighContrastEnabled
FNDA:0,applyAccessibilitySettings
DA:15,0
DA:25,0
DA:32,0
DA:35,0
DA:38,0
DA:41,0
DA:48,0
DA:49,0
DA:52,0
DA:55,0
DA:56,0
DA:59,0
DA:60,0
DA:68,0
DA:71,0
DA:72,0
DA:76,0
DA:77,0
DA:81,0
DA:84,0
DA:85,0
DA:95,0
DA:103,0
DA:105,0
DA:106,0
DA:107,0
DA:109,0
DA:110,0
DA:111,0
DA:113,0
DA:114,0
DA:115,0
DA:119,0
DA:127,0
DA:129,0
DA:130,0
DA:131,0
DA:132,0
DA:133,0
DA:134,0
DA:135,0
DA:146,0
DA:155,0
DA:158,0
DA:159,0
DA:161,0
DA:165,0
DA:166,0
DA:167,0
DA:176,0
DA:177,0
DA:178,0
DA:179,0
DA:180,0
DA:181,0
DA:186,0
DA:187,0
DA:188,0
DA:189,0
DA:190,0
DA:191,0
DA:202,0
DA:206,0
DA:214,0
DA:215,0
DA:224,0
DA:228,0
DA:237,0
DA:241,0
DA:242,0
DA:245,0
DA:246,0
DA:250,0
DA:252,0
DA:254,0
DA:255,0
DA:256,0
DA:260,0
DA:261,0
DA:262,0
DA:267,0
DA:269,0
DA:270,0
DA:279,0
DA:280,0
DA:285,0
DA:298,0
DA:299,0
DA:308,0
DA:309,0
DA:318,0
DA:319,0
DA:320,0
DA:322,0
DA:326,0
DA:327,0
DA:328,0
DA:330,0
DA:334,0
DA:335,0
DA:338,0
DA:339,0
DA:340,0
DA:342,0
LF:104
LH:0
BRDA:55,0,0,0
BRDA:55,0,1,0
BRDA:55,1,0,0
BRDA:55,1,1,0
BRDA:59,2,0,0
BRDA:59,2,1,0
BRDA:59,3,0,0
BRDA:59,3,1,0
BRDA:76,4,0,0
BRDA:76,4,1,0
BRDA:84,5,0,0
BRDA:84,5,1,0
BRDA:103,6,0,0
BRDA:103,6,1,0
BRDA:103,6,2,0
BRDA:103,6,3,0
BRDA:103,6,4,0
BRDA:127,7,0,0
BRDA:127,7,1,0
BRDA:154,8,0,0
BRDA:155,9,0,0
BRDA:155,9,1,0
BRDA:158,10,0,0
BRDA:158,10,1,0
BRDA:179,11,0,0
BRDA:179,11,1,0
BRDA:189,12,0,0
BRDA:189,12,1,0
BRDA:201,13,0,0
BRDA:223,14,0,0
BRDA:245,15,0,0
BRDA:245,15,1,0
BRDA:250,16,0,0
BRDA:250,16,1,0
BRDA:252,17,0,0
BRDA:252,17,1,0
BRDA:254,18,0,0
BRDA:254,18,1,0
BRDA:260,19,0,0
BRDA:260,19,1,0
BRDA:287,20,0,0
BRDA:287,20,1,0
BRDA:299,21,0,0
BRDA:299,21,1,0
BRDA:309,22,0,0
BRDA:309,22,1,0
BRDA:318,23,0,0
BRDA:318,23,1,0
BRDA:319,24,0,0
BRDA:319,24,1,0
BRDA:326,25,0,0
BRDA:326,25,1,0
BRDA:327,26,0,0
BRDA:327,26,1,0
BRDA:334,27,0,0
BRDA:334,27,1,0
BRDA:338,28,0,0
BRDA:338,28,1,0
BRDA:339,29,0,0
BRDA:339,29,1,0
BRF:60
BRH:0
end_of_record
TN:
SF:src/shared/achievements.js
FN:16,(anonymous_0)
FN:24,(anonymous_1)
FN:32,(anonymous_2)
FN:40,(anonymous_3)
FN:48,(anonymous_4)
FN:58,(anonymous_5)
FN:66,(anonymous_6)
FN:74,(anonymous_7)
FN:82,(anonymous_8)
FN:92,(anonymous_9)
FN:100,(anonymous_10)
FN:108,(anonymous_11)
FN:116,(anonymous_12)
FN:126,(anonymous_13)
FN:134,(anonymous_14)
FN:142,(anonymous_15)
FN:152,(anonymous_16)
FN:160,(anonymous_17)
FN:168,(anonymous_18)
FN:176,(anonymous_19)
FN:227,getAllAchievements
FN:231,(anonymous_21)
FN:241,getGameMasteryAchievements
FN:248,(anonymous_23)
FN:267,getAchievementProgress
FN:276,checkAchievements
FN:323,getAchievement
FN:330,getUnlockedCount
FN:338,getTotalCount
FN:347,getAchievementXP
FNF:30
FNH:0
FNDA:0,(anonymous_0)
FNDA:0,(anonymous_1)
FNDA:0,(anonymous_2)
FNDA:0,(anonymous_3)
FNDA:0,(anonymous_4)
FNDA:0,(anonymous_5)
FNDA:0,(anonymous_6)
FNDA:0,(anonymous_7)
FNDA:0,(anonymous_8)
FNDA:0,(anonymous_9)
FNDA:0,(anonymous_10)
FNDA:0,(anonymous_11)
FNDA:0,(anonymous_12)
FNDA:0,(anonymous_13)
FNDA:0,(anonymous_14)
FNDA:0,(anonymous_15)
FNDA:0,(anonymous_16)
FNDA:0,(anonymous_17)
FNDA:0,(anonymous_18)
FNDA:0,(anonymous_19)
FNDA:0,getAllAchievements
FNDA:0,(anonymous_21)
FNDA:0,getGameMasteryAchievements
FNDA:0,(anonymous_23)
FNDA:0,getAchievementProgress
FNDA:0,checkAchievements
FNDA:0,getAchievement
FNDA:0,getUnlockedCount
FNDA:0,getTotalCount
FNDA:0,getAchievementXP
DA:8,0
DA:16,0
DA:24,0
DA:32,0
DA:40,0
DA:48,0
DA:58,0
DA:66,0
DA:74,0
DA:82,0
DA:92,0
DA:100,0
DA:108,0
DA:116,0
DA:126,0
DA:134,0
DA:142,0
DA:152,0
DA:160,0
DA:168,0
DA:176,0
DA:181,0
DA:217,0
DA:228,0
DA:229,0
DA:231,0
DA:242,0
DA:243,0
DA:245,0
DA:246,0
DA:248,0
DA:249,0
DA:250,0
DA:270,0
DA:277,0
DA:278,0
DA:279,0
DA:282,0
DA:283,0
DA:284,0
DA:285,0
DA:286,0
DA:287,0
DA:293,0
DA:294,0
DA:296,0
DA:297,0
DA:299,0
DA:300,0
DA:301,0
DA:302,0
DA:304,0
DA:305,0
DA:317,0
DA:324,0
DA:331,0
DA:332,0
DA:340,0
DA:348,0
LF:59
LH:0
BRDA:243,0,0,0
BRDA:243,0,1,0
BRDA:270,1,0,0
BRDA:270,1,1,0
BRDA:276,2,0,0
BRDA:283,3,0,0
BRDA:283,3,1,0
BRDA:284,4,0,0
BRDA:284,4,1,0
BRDA:299,5,0,0
BRDA:299,5,1,0
BRDA:300,6,0,0
BRDA:300,6,1,0
BRDA:324,7,0,0
BRDA:324,7,1,0
BRDA:348,8,0,0
BRDA:348,8,1,0
BRF:17
BRH:0
end_of_record
TN:
SF:src/shared/adaptive-difficulty.js
FN:48,(anonymous_0)
FN:67,(anonymous_1)
FN:124,(anonymous_2)
FN:149,(anonymous_3)
FN:162,(anonymous_4)
FN:170,(anonymous_5)
FN:172,(anonymous_6)
FN:180,(anonymous_7)
FN:191,(anonymous_8)
FN:212,(anonymous_9)
FN:213,(anonymous_10)
FN:217,(anonymous_11)
FN:218,(anonymous_12)
FN:219,(anonymous_13)
FN:227,(anonymous_14)
FN:231,(anonymous_15)
FN:238,(anonymous_16)
FN:248,(anonymous_17)
FN:258,(anonymous_18)
FN:265,(anonymous_19)
FN:272,(anonymous_20)
FN:273,(anonymous_21)
FN:279,(anonymous_22)
FN:282,(anonymous_23)
FN:285,(anonymous_24)
FN:294,(anonymous_25)
FN:312,(anonymous_26)
FN:324,(anonymous_27)
FN:336,(anonymous_28)
FN:344,(anonymous_29)
FN:355,(anonymous_30)
FN:373,(anonymous_31)
FN:393,(anonymous_32)
FN:394,(anonymous_33)
FN:398,(anonymous_34)
FN:407,(anonymous_35)
FN:417,(anonymous_36)
FN:428,(anonymous_37)
FN:433,(anonymous_38)
FN:434,(anonymous_39)
FN:453,(anonymous_40)
FN:463,(anonymous_41)
FN:482,(anonymous_42)
FN:489,(anonymous_43)
FN:497,(anonymous_44)
FN:513,(anonymous_45)
FN:529,(anonymous_46)
FN:544,(anonymous_47)
FN:547,(anonymous_48)
FN:559,(anonymous_49)
FN:575,(anonymous_50)
FN:585,(anonymous_51)
FN:592,(anonymous_52)
FN:599,(anonymous_53)
FN:601,(anonymous_54)
FN:607,(anonymous_55)
FN:618,(anonymous_56)
FN:629,(anonymous_57)
FN:641,getAdaptiveDifficulty
FN:654,createAdaptiveDifficulty
FNF:60
FNH:0
FNDA:0,(anonymous_0)
FNDA:0,(anonymous_1)
FNDA:0,(anonymous_2)
FNDA:0,(anonymous_3)
FNDA:0,(anonymous_4)
FNDA:0,(anonymous_5)
FNDA:0,(anonymous_6)
FNDA:0,(anonymous_7)
FNDA:0,(anonymous_8)
FNDA:0,(anonymous_9)
FNDA:0,(anonymous_10)
FNDA:0,(anonymous_11)
FNDA:0,(anonymous_12)
FNDA:0,(anonymous_13)
FNDA:0,(anonymous_14)
FNDA:0,(anonymous_15)
FNDA:0,(anonymous_16)
FNDA:0,(anonymous_17)
FNDA:0,(anonymous_18)
FNDA:0,(anonymous_19)
FNDA:0,(anonymous_20)
FNDA:0,(anonymous_21)
FNDA:0,(anonymous_22)
FNDA:0,(anonymous_23)
FNDA:0,(anonymous_24)
FNDA:0,(anonymous_25)
FNDA:0,(anonymous_26)
FNDA:0,(anonymous_27)
FNDA:0,(anonymous_28)
FNDA:0,(anonymous_29)
FNDA:0,(anonymous_30)
FNDA:0,(anonymous_31)
FNDA:0,(anonymous_32)
FNDA:0,(anonymous_33)
FNDA:0,(anonymous_34)
FNDA:0,(anonymous_35)
FNDA:0,(anonymous_36)
FNDA:0,(anonymous_37)
FNDA:0,(anonymous_38)
FNDA:0,(anonymous_39)
FNDA:0,(anonymous_40)
FNDA:0,(anonymous_41)
FNDA:0,(anonymous_42)
FNDA:0,(anonymous_43)
FNDA:0,(anonymous_44)
FNDA:0,(anonymous_45)
FNDA:0,(anonymous_46)
FNDA:0,(anonymous_47)
FNDA:0,(anonymous_48)
FNDA:0,(anonymous_49)
FNDA:0,(anonymous_50)
FNDA:0,(anonymous_51)
FNDA:0,(anonymous_52)
FNDA:0,(anonymous_53)
FNDA:0,(anonymous_54)
FNDA:0,(anonymous_55)
FNDA:0,(anonymous_56)
FNDA:0,(anonymous_57)
FNDA:0,getAdaptiveDifficulty
FNDA:0,createAdaptiveDifficulty
DA:15,0
DA:49,0
DA:50,0
DA:51,0
DA:52,0
DA:59,0
DA:60,0
DA:61,0
DA:76,0
DA:79,0
DA:82,0
DA:85,0
DA:99,0
DA:100,0
DA:104,0
DA:105,0
DA:106,0
DA:109,0
DA:112,0
DA:114,0
DA:115,0
DA:118,0
DA:126,0
DA:133,0
DA:134,0
DA:138,0
DA:141,0
DA:143,0
DA:150,0
DA:151,0
DA:154,0
DA:156,0
DA:163,0
DA:164,0
DA:167,0
DA:170,0
DA:171,0
DA:172,0
DA:176,0
DA:179,0
DA:180,0
DA:184,0
DA:187,0
DA:188,0
DA:191,0
DA:192,0
DA:196,0
DA:203,0
DA:206,0
DA:213,0
DA:214,0
DA:217,0
DA:218,0
DA:219,0
DA:221,0
DA:228,0
DA:231,0
DA:232,0
DA:233,0
DA:234,0
DA:238,0
DA:239,0
DA:240,0
DA:241,0
DA:249,0
DA:259,0
DA:266,0
DA:273,0
DA:275,0
DA:279,0
DA:282,0
DA:285,0
DA:295,0
DA:296,0
DA:297,0
DA:298,0
DA:305,0
DA:306,0
DA:313,0
DA:325,0
DA:326,0
DA:327,0
DA:328,0
DA:337,0
DA:338,0
DA:349,0
DA:351,0
DA:352,0
DA:355,0
DA:357,0
DA:358,0
DA:362,0
DA:363,0
DA:367,0
DA:369,0
DA:373,0
DA:375,0
DA:376,0
DA:377,0
DA:378,0
DA:382,0
DA:383,0
DA:384,0
DA:387,0
DA:394,0
DA:396,0
DA:398,0
DA:399,0
DA:400,0
DA:401,0
DA:403,0
DA:407,0
DA:408,0
DA:409,0
DA:410,0
DA:418,0
DA:419,0
DA:429,0
DA:432,0
DA:433,0
DA:435,0
DA:436,0
DA:440,0
DA:454,0
DA:455,0
DA:456,0
DA:457,0
DA:464,0
DA:467,0
DA:468,0
DA:471,0
DA:472,0
DA:473,0
DA:476,0
DA:483,0
DA:490,0
DA:491,0
DA:498,0
DA:500,0
DA:501,0
DA:503,0
DA:514,0
DA:516,0
DA:517,0
DA:519,0
DA:530,0
DA:532,0
DA:533,0
DA:535,0
DA:545,0
DA:547,0
DA:548,0
DA:551,0
DA:552,0
DA:553,0
DA:560,0
DA:561,0
DA:569,0
DA:576,0
DA:586,0
DA:593,0
DA:600,0
DA:601,0
DA:603,0
DA:604,0
DA:607,0
DA:608,0
DA:609,0
DA:612,0
DA:619,0
DA:621,0
DA:630,0
DA:631,0
DA:636,0
DA:642,0
DA:643,0
DA:645,0
DA:646,0
DA:648,0
DA:655,0
DA:656,0
DA:657,0
DA:659,0
LF:183
LH:0
BRDA:74,0,0,0
BRDA:75,1,0,0
BRDA:99,2,0,0
BRDA:99,2,1,0
BRDA:114,3,0,0
BRDA:114,3,1,0
BRDA:124,4,0,0
BRDA:133,5,0,0
BRDA:133,5,1,0
BRDA:163,6,0,0
BRDA:163,6,1,0
BRDA:171,7,0,0
BRDA:171,7,1,0
BRDA:179,8,0,0
BRDA:179,8,1,0
BRDA:214,9,0,0
BRDA:214,9,1,0
BRDA:232,10,0,0
BRDA:232,10,1,0
BRDA:238,11,0,0
BRDA:238,11,1,0
BRDA:239,12,0,0
BRDA:239,12,1,0
BRDA:281,13,0,0
BRDA:281,13,1,0
BRDA:284,14,0,0
BRDA:284,14,1,0
BRDA:325,15,0,0
BRDA:325,15,1,0
BRDA:326,16,0,0
BRDA:326,16,1,0
BRDA:327,17,0,0
BRDA:327,17,1,0
BRDA:328,18,0,0
BRDA:328,18,1,0
BRDA:344,19,0,0
BRDA:346,20,0,0
BRDA:347,21,0,0
BRDA:348,22,0,0
BRDA:357,23,0,0
BRDA:357,23,1,0
BRDA:357,24,0,0
BRDA:357,24,1,0
BRDA:362,25,0,0
BRDA:362,25,1,0
BRDA:363,26,0,0
BRDA:363,26,1,0
BRDA:367,27,0,0
BRDA:367,27,1,0
BRDA:375,28,0,0
BRDA:375,28,1,0
BRDA:376,29,0,0
BRDA:376,29,1,0
BRDA:377,30,0,0
BRDA:377,30,1,0
BRDA:378,31,0,0
BRDA:378,31,1,0
BRDA:382,32,0,0
BRDA:382,32,1,0
BRDA:383,33,0,0
BRDA:383,33,1,0
BRDA:396,34,0,0
BRDA:396,34,1,0
BRDA:399,35,0,0
BRDA:399,35,1,0
BRDA:400,36,0,0
BRDA:400,36,1,0
BRDA:408,37,0,0
BRDA:408,37,1,0
BRDA:409,38,0,0
BRDA:409,38,1,0
BRDA:410,39,0,0
BRDA:410,39,1,0
BRDA:418,40,0,0
BRDA:418,40,1,0
BRDA:428,41,0,0
BRDA:435,42,0,0
BRDA:435,42,1,0
BRDA:435,43,0,0
BRDA:435,43,1,0
BRDA:472,44,0,0
BRDA:472,44,1,0
BRDA:498,45,0,0
BRDA:498,45,1,0
BRDA:513,46,0,0
BRDA:514,47,0,0
BRDA:514,47,1,0
BRDA:530,48,0,0
BRDA:530,48,1,0
BRDA:544,49,0,0
BRDA:545,50,0,0
BRDA:545,50,1,0
BRDA:548,51,0,0
BRDA:548,51,1,0
BRDA:559,52,0,0
BRDA:560,53,0,0
BRDA:560,53,1,0
BRDA:603,54,0,0
BRDA:603,54,1,0
BRDA:608,55,0,0
BRDA:608,55,1,0
BRDA:619,56,0,0
BRDA:619,56,1,0
BRDA:642,57,0,0
BRDA:642,57,1,0
BRDA:645,58,0,0
BRDA:645,58,1,0
BRDA:656,59,0,0
BRDA:656,59,1,0
BRF:109
BRH:0
end_of_record
TN:
SF:src/shared/analytics.js
FN:21,initAnalytics
FN:43,startSession
FN:59,trackEvent
FN:82,trackPageView
FN:89,trackGameEvent
FN:99,trackLevelComplete
FN:112,trackGameStart
FN:122,trackPWAInstall
FN:131,trackError
FN:141,getSessionDuration
FN:149,getAnalyticsSummary
FN:166,getEventsInRange
FN:168,(anonymous_12)
FN:176,clearAnalytics
FN:192,exportAnalytics
FN:202,handleVisibilityChange
FN:215,handlePageUnload
FN:226,updateAggregateStats
FN:270,sanitizeData
FN:293,loadAnalyticsData
FN:319,saveAnalyticsData
FN:330,generateSessionId
FNF:22
FNH:0
FNDA:0,initAnalytics
FNDA:0,startSession
FNDA:0,trackEvent
FNDA:0,trackPageView
FNDA:0,trackGameEvent
FNDA:0,trackLevelComplete
FNDA:0,trackGameStart
FNDA:0,trackPWAInstall
FNDA:0,trackError
FNDA:0,getSessionDuration
FNDA:0,getAnalyticsSummary
FNDA:0,getEventsInRange
FNDA:0,(anonymous_12)
FNDA:0,clearAnalytics
FNDA:0,exportAnalytics
FNDA:0,handleVisibilityChange
FNDA:0,handlePageUnload
FNDA:0,updateAggregateStats
FNDA:0,sanitizeData
FNDA:0,loadAnalyticsData
FNDA:0,saveAnalyticsData
FNDA:0,generateSessionId
DA:11,0
DA:12,0
DA:14,0
DA:15,0
DA:16,0
DA:22,0
DA:23,0
DA:26,0
DA:29,0
DA:32,0
DA:35,0
DA:37,0
DA:44,0
DA:53,0
DA:60,0
DA:62,0
DA:68,0
DA:71,0
DA:74,0
DA:75,0
DA:83,0
DA:90,0
DA:100,0
DA:113,0
DA:123,0
DA:132,0
DA:142,0
DA:143,0
DA:150,0
DA:152,0
DA:168,0
DA:169,0
DA:177,0
DA:186,0
DA:193,0
DA:203,0
DA:205,0
DA:208,0
DA:216,0
DA:217,0
DA:218,0
DA:219,0
DA:227,0
DA:229,0
DA:230,0
DA:232,0
DA:234,0
DA:235,0
DA:238,0
DA:239,0
DA:240,0
DA:241,0
DA:244,0
DA:247,0
DA:248,0
DA:251,0
DA:254,0
DA:255,0
DA:256,0
DA:259,0
DA:262,0
DA:263,0
DA:271,0
DA:272,0
DA:274,0
DA:277,0
DA:281,0
DA:282,0
DA:284,0
DA:287,0
DA:294,0
DA:295,0
DA:296,0
DA:297,0
DA:300,0
DA:311,0
DA:312,0
DA:320,0
DA:321,0
DA:323,0
DA:331,0
LF:81
LH:0
BRDA:22,0,0,0
BRDA:22,0,1,0
BRDA:48,1,0,0
BRDA:48,1,1,0
BRDA:59,2,0,0
BRDA:60,3,0,0
BRDA:60,3,1,0
BRDA:60,4,0,0
BRDA:60,4,1,0
BRDA:74,5,0,0
BRDA:74,5,1,0
BRDA:83,6,0,0
BRDA:83,6,1,0
BRDA:89,7,0,0
BRDA:142,8,0,0
BRDA:142,8,1,0
BRDA:150,9,0,0
BRDA:150,9,1,0
BRDA:153,10,0,0
BRDA:153,10,1,0
BRDA:154,11,0,0
BRDA:154,11,1,0
BRDA:155,12,0,0
BRDA:155,12,1,0
BRDA:156,13,0,0
BRDA:156,13,1,0
BRDA:157,14,0,0
BRDA:157,14,1,0
BRDA:168,15,0,0
BRDA:168,15,1,0
BRDA:169,16,0,0
BRDA:169,16,1,0
BRDA:203,17,0,0
BRDA:203,17,1,0
BRDA:216,18,0,0
BRDA:216,18,1,0
BRDA:227,19,0,0
BRDA:227,19,1,0
BRDA:232,20,0,0
BRDA:232,20,1,0
BRDA:232,20,2,0
BRDA:232,20,3,0
BRDA:232,20,4,0
BRDA:238,21,0,0
BRDA:238,21,1,0
BRDA:239,22,0,0
BRDA:239,22,1,0
BRDA:240,23,0,0
BRDA:240,23,1,0
BRDA:247,24,0,0
BRDA:247,24,1,0
BRDA:249,25,0,0
BRDA:249,25,1,0
BRDA:254,26,0,0
BRDA:254,26,1,0
BRDA:254,27,0,0
BRDA:254,27,1,0
BRDA:257,28,0,0
BRDA:257,28,1,0
BRDA:262,29,0,0
BRDA:262,29,1,0
BRDA:274,30,0,0
BRDA:274,30,1,0
BRDA:274,31,0,0
BRDA:274,31,1,0
BRDA:274,31,2,0
BRDA:281,32,0,0
BRDA:281,32,1,0
BRDA:281,33,0,0
BRDA:281,33,1,0
BRDA:296,34,0,0
BRDA:296,34,1,0
BRF:72
BRH:0
end_of_record
TN:
SF:src/shared/audio.js
FN:23,(anonymous_0)
FN:41,(anonymous_1)
FN:45,(anonymous_2)
FN:50,(anonymous_3)
FN:60,(anonymous_4)
FN:68,(anonymous_5)
FNF:6
FNH:0
FNDA:0,(anonymous_0)
FNDA:0,(anonymous_1)
FNDA:0,(anonymous_2)
FNDA:0,(anonymous_3)
FNDA:0,(anonymous_4)
FNDA:0,(anonymous_5)
DA:11,0
DA:24,0
DA:25,0
DA:26,0
DA:27,0
DA:30,0
DA:31,0
DA:32,0
DA:42,0
DA:45,0
DA:46,0
DA:47,0
DA:48,0
DA:49,0
DA:50,0
DA:51,0
DA:61,0
DA:69,0
DA:70,0
LF:19
LH:0
BRDA:41,0,0,0
BRDA:42,1,0,0
BRDA:42,1,1,0
BRDA:45,2,0,0
BRDA:45,2,1,0
BRDA:46,3,0,0
BRDA:46,3,1,0
BRF:7
BRH:0
end_of_record
TN:
SF:src/shared/colors.js
FN:60,(anonymous_0)
FN:69,(anonymous_1)
FNF:2
FNH:2
FNDA:3,(anonymous_0)
FNDA:9,(anonymous_1)
DA:11,1
DA:61,3
DA:70,9
DA:71,9
LF:4
LH:4
BRDA:71,0,0,6
BRDA:71,0,1,3
BRF:2
BRH:2
end_of_record
TN:
SF:src/shared/daily.js
FN:20,getTodayString
FN:27,getYesterdayString
FN:35,hashString
FN:47,getDailySeed
FN:55,getDailySeedForDate
FN:62,getGameDailySeed
FN:70,getDailyChallenge
FN:91,getDailyRNG
FN:99,getDifficultyFromSeed
FN:107,isDailyCompleted
FN:116,getDailyResult
FN:124,completeDailyChallenge
FN:153,updateStreak
FN:177,getStreakInfo
FN:196,getDailyStatus
FN:200,(anonymous_15)
FN:214,allDailiesCompleted
FN:216,(anonymous_17)
FN:222,getTimeUntilReset
FN:234,formatTimeUntilReset
FN:248,getStreakEmoji
FN:259,getStreakMessage
FNF:22
FNH:14
FNDA:16,getTodayString
FNDA:2,getYesterdayString
FNDA:18,hashString
FNDA:9,getDailySeed
FNDA:4,getDailySeedForDate
FNDA:5,getGameDailySeed
FNDA:3,getDailyChallenge
FNDA:0,getDailyRNG
FNDA:3,getDifficultyFromSeed
FNDA:0,isDailyCompleted
FNDA:0,getDailyResult
FNDA:0,completeDailyChallenge
FNDA:0,updateStreak
FNDA:0,getStreakInfo
FNDA:2,getDailyStatus
FNDA:8,(anonymous_15)
FNDA:0,allDailiesCompleted
FNDA:0,(anonymous_17)
FNDA:3,getTimeUntilReset
FNDA:1,formatTimeUntilReset
FNDA:10,getStreakEmoji
FNDA:7,getStreakMessage
DA:15,1
DA:21,16
DA:28,2
DA:29,2
DA:36,18
DA:37,18
DA:38,510
DA:39,510
DA:41,18
DA:48,9
DA:49,9
DA:56,4
DA:63,5
DA:64,5
DA:71,3
DA:72,3
DA:74,3
DA:75,3
DA:77,3
DA:92,0
DA:93,0
DA:100,3
DA:101,3
DA:108,0
DA:109,0
DA:110,0
DA:117,0
DA:118,0
DA:125,0
DA:126,0
DA:128,0
DA:137,0
DA:139,0
DA:140,0
DA:142,0
DA:154,0
DA:155,0
DA:157,0
DA:158,0
DA:161,0
DA:162,0
DA:164,0
DA:167,0
DA:168,0
DA:170,0
DA:171,0
DA:178,0
DA:179,0
DA:180,0
DA:182,0
DA:184,0
DA:197,2
DA:198,2
DA:200,2
DA:201,8
DA:202,8
DA:215,0
DA:216,0
DA:223,3
DA:224,3
DA:225,3
DA:226,3
DA:228,3
DA:235,1
DA:236,1
DA:237,1
DA:239,1
DA:240,1
DA:242,0
DA:249,10
DA:250,8
DA:251,6
DA:252,4
DA:253,2
DA:260,7
DA:261,6
DA:262,5
DA:263,4
DA:264,3
DA:265,2
DA:266,1
LF:81
LH:48
BRDA:70,0,0,3
BRDA:75,1,0,0
BRDA:75,1,1,3
BRDA:110,2,0,0
BRDA:110,2,1,0
BRDA:133,3,0,0
BRDA:133,3,1,0
BRDA:157,4,0,0
BRDA:157,4,1,0
BRDA:161,5,0,0
BRDA:161,5,1,0
BRDA:182,6,0,0
BRDA:182,6,1,0
BRDA:185,7,0,0
BRDA:185,7,1,0
BRDA:204,8,0,8
BRDA:204,8,1,8
BRDA:205,9,0,8
BRDA:205,9,1,8
BRDA:206,10,0,8
BRDA:206,10,1,8
BRDA:239,11,0,1
BRDA:239,11,1,0
BRDA:249,12,0,2
BRDA:249,12,1,8
BRDA:250,13,0,2
BRDA:250,13,1,6
BRDA:251,14,0,2
BRDA:251,14,1,4
BRDA:252,15,0,2
BRDA:252,15,1,2
BRDA:260,16,0,1
BRDA:260,16,1,6
BRDA:261,17,0,1
BRDA:261,17,1,5
BRDA:262,18,0,1
BRDA:262,18,1,4
BRDA:263,19,0,1
BRDA:263,19,1,3
BRDA:264,20,0,1
BRDA:264,20,1,2
BRDA:265,21,0,1
BRDA:265,21,1,1
BRF:43
BRH:29
end_of_record
TN:
SF:src/shared/error-tracking.js
FN:17,initErrorTracking
FN:34,handleGlobalError
FN:53,handleUnhandledRejection
FN:69,logError
FN:90,trackError
FN:104,getErrors
FN:111,getErrorCount
FN:118,clearErrors
FN:126,exportErrors
FN:133,loadErrors
FN:148,saveErrors
FN:159,generateErrorId
FNF:12
FNH:0
FNDA:0,initErrorTracking
FNDA:0,handleGlobalError
FNDA:0,handleUnhandledRejection
FNDA:0,logError
FNDA:0,trackError
FNDA:0,getErrors
FNDA:0,getErrorCount
FNDA:0,clearErrors
FNDA:0,exportErrors
FNDA:0,loadErrors
FNDA:0,saveErrors
FNDA:0,generateErrorId
DA:8,0
DA:9,0
DA:11,0
DA:12,0
DA:18,0
DA:19,0
DA:22,0
DA:25,0
DA:26,0
DA:28,0
DA:35,0
DA:47,0
DA:54,0
DA:63,0
DA:70,0
DA:76,0
DA:77,0
DA:81,0
DA:84,0
DA:91,0
DA:105,0
DA:112,0
DA:119,0
DA:120,0
DA:127,0
DA:134,0
DA:135,0
DA:136,0
DA:137,0
DA:140,0
DA:141,0
DA:149,0
DA:150,0
DA:152,0
DA:160,0
LF:35
LH:0
BRDA:18,0,0,0
BRDA:18,0,1,0
BRDA:56,1,0,0
BRDA:56,1,1,0
BRDA:76,2,0,0
BRDA:76,2,1,0
BRDA:90,3,0,0
BRDA:136,4,0,0
BRDA:136,4,1,0
BRF:9
BRH:0
end_of_record
TN:
SF:src/shared/game-features.js
FN:43,(anonymous_0)
FN:64,(anonymous_1)
FN:80,(anonymous_2)
FN:103,(anonymous_3)
FN:118,(anonymous_4)
FN:133,(anonymous_5)
FN:148,(anonymous_6)
FN:161,(anonymous_7)
FN:175,(anonymous_8)
FN:190,(anonymous_9)
FN:200,(anonymous_10)
FN:208,(anonymous_11)
FN:220,(anonymous_12)
FN:227,(anonymous_13)
FN:236,(anonymous_14)
FN:250,(anonymous_15)
FN:267,(anonymous_16)
FN:274,(anonymous_17)
FN:282,(anonymous_18)
FN:292,(anonymous_19)
FN:301,(anonymous_20)
FN:308,(anonymous_21)
FN:315,(anonymous_22)
FN:322,(anonymous_23)
FN:331,(anonymous_24)
FN:338,(anonymous_25)
FN:345,(anonymous_26)
FN:352,(anonymous_27)
FN:364,createGameFeatures
FN:371,setupGameFeatures
FN:381,(anonymous_30)
FNF:31
FNH:0
FNDA:0,(anonymous_0)
FNDA:0,(anonymous_1)
FNDA:0,(anonymous_2)
FNDA:0,(anonymous_3)
FNDA:0,(anonymous_4)
FNDA:0,(anonymous_5)
FNDA:0,(anonymous_6)
FNDA:0,(anonymous_7)
FNDA:0,(anonymous_8)
FNDA:0,(anonymous_9)
FNDA:0,(anonymous_10)
FNDA:0,(anonymous_11)
FNDA:0,(anonymous_12)
FNDA:0,(anonymous_13)
FNDA:0,(anonymous_14)
FNDA:0,(anonymous_15)
FNDA:0,(anonymous_16)
FNDA:0,(anonymous_17)
FNDA:0,(anonymous_18)
FNDA:0,(anonymous_19)
FNDA:0,(anonymous_20)
FNDA:0,(anonymous_21)
FNDA:0,(anonymous_22)
FNDA:0,(anonymous_23)
FNDA:0,(anonymous_24)
FNDA:0,(anonymous_25)
FNDA:0,(anonymous_26)
FNDA:0,(anonymous_27)
FNDA:0,createGameFeatures
FNDA:0,setupGameFeatures
FNDA:0,(anonymous_30)
DA:44,0
DA:45,0
DA:46,0
DA:49,0
DA:50,0
DA:51,0
DA:52,0
DA:55,0
DA:56,0
DA:57,0
DA:58,0
DA:70,0
DA:73,0
DA:76,0
DA:77,0
DA:81,0
DA:82,0
DA:89,0
DA:95,0
DA:104,0
DA:106,0
DA:107,0
DA:110,0
DA:111,0
DA:119,0
DA:121,0
DA:123,0
DA:124,0
DA:127,0
DA:134,0
DA:136,0
DA:138,0
DA:139,0
DA:142,0
DA:149,0
DA:151,0
DA:152,0
DA:155,0
DA:162,0
DA:163,0
DA:165,0
DA:166,0
DA:176,0
DA:177,0
DA:180,0
DA:181,0
DA:184,0
DA:191,0
DA:192,0
DA:193,0
DA:201,0
DA:202,0
DA:209,0
DA:221,0
DA:228,0
DA:237,0
DA:238,0
DA:239,0
DA:242,0
DA:243,0
DA:251,0
DA:261,0
DA:268,0
DA:275,0
DA:276,0
DA:283,0
DA:293,0
DA:302,0
DA:309,0
DA:316,0
DA:323,0
DA:332,0
DA:339,0
DA:346,0
DA:353,0
DA:354,0
DA:356,0
DA:357,0
DA:365,0
DA:378,0
DA:381,0
DA:382,0
DA:384,0
DA:385,0
DA:386,0
DA:388,0
DA:389,0
DA:390,0
DA:391,0
DA:394,0
DA:400,0
DA:408,0
LF:92
LH:0
BRDA:43,0,0,0
BRDA:44,1,0,0
BRDA:44,1,1,0
BRDA:46,2,0,0
BRDA:46,2,1,0
BRDA:50,3,0,0
BRDA:50,3,1,0
BRDA:64,4,0,0
BRDA:68,5,0,0
BRDA:69,6,0,0
BRDA:76,7,0,0
BRDA:76,7,1,0
BRDA:79,8,0,0
BRDA:79,8,1,0
BRDA:81,9,0,0
BRDA:81,9,1,0
BRDA:106,10,0,0
BRDA:106,10,1,0
BRDA:110,11,0,0
BRDA:110,11,1,0
BRDA:119,12,0,0
BRDA:119,12,1,0
BRDA:123,13,0,0
BRDA:123,13,1,0
BRDA:134,14,0,0
BRDA:134,14,1,0
BRDA:138,15,0,0
BRDA:138,15,1,0
BRDA:151,16,0,0
BRDA:151,16,1,0
BRDA:165,17,0,0
BRDA:165,17,1,0
BRDA:180,18,0,0
BRDA:180,18,1,0
BRDA:190,19,0,0
BRDA:191,20,0,0
BRDA:191,20,1,0
BRDA:200,21,0,0
BRDA:208,22,0,0
BRDA:211,23,0,0
BRDA:211,23,1,0
BRDA:242,24,0,0
BRDA:242,24,1,0
BRDA:252,25,0,0
BRDA:252,25,1,0
BRDA:254,26,0,0
BRDA:254,26,1,0
BRDA:254,26,2,0
BRDA:255,27,0,0
BRDA:255,27,1,0
BRDA:255,28,0,0
BRDA:255,28,1,0
BRDA:256,29,0,0
BRDA:256,29,1,0
BRDA:256,29,2,0
BRDA:257,30,0,0
BRDA:257,30,1,0
BRDA:258,31,0,0
BRDA:258,31,1,0
BRDA:267,32,0,0
BRDA:268,33,0,0
BRDA:268,33,1,0
BRDA:275,34,0,0
BRDA:275,34,1,0
BRDA:276,35,0,0
BRDA:276,35,1,0
BRDA:282,36,0,0
BRDA:292,37,0,0
BRDA:353,38,0,0
BRDA:353,38,1,0
BRF:70
BRH:0
end_of_record
TN:
SF:src/shared/gif-export.js
FN:17,(anonymous_0)
FN:28,(anonymous_1)
FN:35,(anonymous_2)
FN:42,(anonymous_3)
FN:54,(anonymous_4)
FN:129,(anonymous_5)
FN:148,(anonymous_6)
FN:150,(anonymous_7)
FN:171,(anonymous_8)
FN:205,(anonymous_9)
FN:224,(anonymous_10)
FN:291,(anonymous_11)
FN:295,(anonymous_12)
FN:296,(anonymous_13)
FN:304,(anonymous_14)
FN:315,(anonymous_15)
FN:323,(anonymous_16)
FN:341,(anonymous_17)
FN:349,(anonymous_18)
FN:392,(anonymous_19)
FN:403,(anonymous_20)
FN:425,(anonymous_21)
FN:432,(anonymous_22)
FN:439,(anonymous_23)
FN:448,(anonymous_24)
FN:456,(anonymous_25)
FN:463,(anonymous_26)
FN:470,(anonymous_27)
FN:482,(anonymous_28)
FN:513,(anonymous_29)
FN:528,(anonymous_30)
FN:547,(anonymous_31)
FN:552,(anonymous_32)
FN:556,(anonymous_33)
FN:561,(anonymous_34)
FN:574,(anonymous_35)
FN:582,exportSolutionAsGIF
FN:614,createGIFExporter
FN:618,createSolutionRecorder
FNF:39
FNH:0
FNDA:0,(anonymous_0)
FNDA:0,(anonymous_1)
FNDA:0,(anonymous_2)
FNDA:0,(anonymous_3)
FNDA:0,(anonymous_4)
FNDA:0,(anonymous_5)
FNDA:0,(anonymous_6)
FNDA:0,(anonymous_7)
FNDA:0,(anonymous_8)
FNDA:0,(anonymous_9)
FNDA:0,(anonymous_10)
FNDA:0,(anonymous_11)
FNDA:0,(anonymous_12)
FNDA:0,(anonymous_13)
FNDA:0,(anonymous_14)
FNDA:0,(anonymous_15)
FNDA:0,(anonymous_16)
FNDA:0,(anonymous_17)
FNDA:0,(anonymous_18)
FNDA:0,(anonymous_19)
FNDA:0,(anonymous_20)
FNDA:0,(anonymous_21)
FNDA:0,(anonymous_22)
FNDA:0,(anonymous_23)
FNDA:0,(anonymous_24)
FNDA:0,(anonymous_25)
FNDA:0,(anonymous_26)
FNDA:0,(anonymous_27)
FNDA:0,(anonymous_28)
FNDA:0,(anonymous_29)
FNDA:0,(anonymous_30)
FNDA:0,(anonymous_31)
FNDA:0,(anonymous_32)
FNDA:0,(anonymous_33)
FNDA:0,(anonymous_34)
FNDA:0,(anonymous_35)
FNDA:0,exportSolutionAsGIF
FNDA:0,createGIFExporter
FNDA:0,createSolutionRecorder
DA:18,0
DA:19,0
DA:20,0
DA:21,0
DA:22,0
DA:29,0
DA:36,0
DA:43,0
DA:44,0
DA:45,0
DA:55,0
DA:58,0
DA:61,0
DA:62,0
DA:66,0
DA:69,0
DA:72,0
DA:76,0
DA:77,0
DA:78,0
DA:79,0
DA:81,0
DA:86,0
DA:87,0
DA:88,0
DA:89,0
DA:90,0
DA:91,0
DA:92,0
DA:93,0
DA:96,0
DA:98,0
DA:99,0
DA:100,0
DA:101,0
DA:102,0
DA:103,0
DA:104,0
DA:107,0
DA:108,0
DA:109,0
DA:110,0
DA:111,0
DA:112,0
DA:115,0
DA:116,0
DA:117,0
DA:121,0
DA:123,0
DA:130,0
DA:133,0
DA:134,0
DA:135,0
DA:137,0
DA:138,0
DA:139,0
DA:140,0
DA:142,0
DA:147,0
DA:148,0
DA:150,0
DA:157,0
DA:159,0
DA:160,0
DA:161,0
DA:165,0
DA:172,0
DA:174,0
DA:175,0
DA:176,0
DA:177,0
DA:178,0
DA:181,0
DA:182,0
DA:184,0
DA:185,0
DA:186,0
DA:187,0
DA:188,0
DA:190,0
DA:191,0
DA:192,0
DA:196,0
DA:199,0
DA:206,0
DA:207,0
DA:209,0
DA:210,0
DA:212,0
DA:213,0
DA:214,0
DA:217,0
DA:218,0
DA:221,0
DA:222,0
DA:224,0
DA:225,0
DA:226,0
DA:228,0
DA:229,0
DA:230,0
DA:231,0
DA:236,0
DA:238,0
DA:239,0
DA:240,0
DA:242,0
DA:243,0
DA:245,0
DA:247,0
DA:248,0
DA:250,0
DA:251,0
DA:255,0
DA:256,0
DA:257,0
DA:258,0
DA:259,0
DA:260,0
DA:264,0
DA:269,0
DA:270,0
DA:273,0
DA:274,0
DA:278,0
DA:279,0
DA:280,0
DA:281,0
DA:282,0
DA:283,0
DA:284,0
DA:286,0
DA:288,0
DA:292,0
DA:296,0
DA:305,0
DA:306,0
DA:307,0
DA:308,0
DA:309,0
DA:316,0
DA:317,0
DA:324,0
DA:326,0
DA:327,0
DA:328,0
DA:330,0
DA:332,0
DA:342,0
DA:343,0
DA:354,0
DA:356,0
DA:357,0
DA:360,0
DA:363,0
DA:364,0
DA:367,0
DA:368,0
DA:369,0
DA:370,0
DA:373,0
DA:376,0
DA:377,0
DA:380,0
DA:381,0
DA:383,0
DA:384,0
DA:392,0
DA:395,0
DA:397,0
DA:404,0
DA:405,0
DA:407,0
DA:410,0
DA:411,0
DA:414,0
DA:415,0
DA:416,0
DA:417,0
DA:419,0
DA:426,0
DA:433,0
DA:440,0
DA:449,0
DA:450,0
DA:457,0
DA:464,0
DA:471,0
DA:473,0
DA:483,0
DA:484,0
DA:486,0
DA:493,0
DA:494,0
DA:495,0
DA:496,0
DA:498,0
DA:499,0
DA:506,0
DA:507,0
DA:514,0
DA:515,0
DA:516,0
DA:517,0
DA:518,0
DA:519,0
DA:520,0
DA:521,0
DA:522,0
DA:529,0
DA:531,0
DA:532,0
DA:533,0
DA:544,0
DA:547,0
DA:548,0
DA:549,0
DA:552,0
DA:553,0
DA:556,0
DA:557,0
DA:561,0
DA:562,0
DA:563,0
DA:564,0
DA:568,0
DA:575,0
DA:591,0
DA:593,0
DA:594,0
DA:597,0
DA:604,0
DA:606,0
DA:607,0
DA:610,0
DA:615,0
DA:619,0
LF:237
LH:0
BRDA:78,0,0,0
BRDA:78,0,1,0
BRDA:142,1,0,0
BRDA:142,1,1,0
BRDA:157,2,0,0
BRDA:157,2,1,0
BRDA:190,3,0,0
BRDA:190,3,1,0
BRDA:242,4,0,0
BRDA:242,4,1,0
BRDA:247,5,0,0
BRDA:247,5,1,0
BRDA:250,6,0,0
BRDA:250,6,1,0
BRDA:250,7,0,0
BRDA:250,7,1,0
BRDA:273,8,0,0
BRDA:273,8,1,0
BRDA:304,9,0,0
BRDA:305,10,0,0
BRDA:305,10,1,0
BRDA:306,11,0,0
BRDA:306,11,1,0
BRDA:323,12,0,0
BRDA:324,13,0,0
BRDA:324,13,1,0
BRDA:324,14,0,0
BRDA:324,14,1,0
BRDA:349,15,0,0
BRDA:351,16,0,0
BRDA:352,17,0,0
BRDA:353,18,0,0
BRDA:356,19,0,0
BRDA:356,19,1,0
BRDA:376,20,0,0
BRDA:376,20,1,0
BRDA:383,21,0,0
BRDA:383,21,1,0
BRDA:448,22,0,0
BRDA:463,23,0,0
BRDA:470,24,0,0
BRDA:482,25,0,0
BRDA:483,26,0,0
BRDA:483,26,1,0
BRDA:483,27,0,0
BRDA:483,27,1,0
BRDA:487,28,0,0
BRDA:487,28,1,0
BRDA:488,29,0,0
BRDA:488,29,1,0
BRDA:488,30,0,0
BRDA:488,30,1,0
BRDA:493,31,0,0
BRDA:493,31,1,0
BRDA:493,32,0,0
BRDA:493,32,1,0
BRDA:498,33,0,0
BRDA:498,33,1,0
BRDA:562,34,0,0
BRDA:562,34,1,0
BRDA:582,35,0,0
BRDA:584,36,0,0
BRDA:585,37,0,0
BRDA:586,38,0,0
BRDA:588,39,0,0
BRDA:589,40,0,0
BRDA:590,41,0,0
BRDA:593,42,0,0
BRDA:593,42,1,0
BRF:69
BRH:0
end_of_record
TN:
SF:src/shared/history.js
FN:17,deepClone
FN:27,(anonymous_1)
FN:37,(anonymous_2)
FN:56,(anonymous_3)
FN:68,(anonymous_4)
FN:81,(anonymous_5)
FN:93,(anonymous_6)
FN:104,(anonymous_7)
FN:112,(anonymous_8)
FN:120,(anonymous_9)
FN:121,(anonymous_10)
FN:131,(anonymous_11)
FN:140,(anonymous_12)
FN:148,(anonymous_13)
FNF:14
FNH:0
FNDA:0,deepClone
FNDA:0,(anonymous_1)
FNDA:0,(anonymous_2)
FNDA:0,(anonymous_3)
FNDA:0,(anonymous_4)
FNDA:0,(anonymous_5)
FNDA:0,(anonymous_6)
FNDA:0,(anonymous_7)
FNDA:0,(anonymous_8)
FNDA:0,(anonymous_9)
FNDA:0,(anonymous_10)
FNDA:0,(anonymous_11)
FNDA:0,(anonymous_12)
FNDA:0,(anonymous_13)
DA:19,0
DA:20,0
DA:23,0
DA:28,0
DA:29,0
DA:30,0
DA:39,0
DA:42,0
DA:43,0
DA:46,0
DA:47,0
DA:48,0
DA:57,0
DA:58,0
DA:59,0
DA:61,0
DA:69,0
DA:70,0
DA:71,0
DA:73,0
DA:82,0
DA:83,0
DA:84,0
DA:86,0
DA:94,0
DA:95,0
DA:97,0
DA:105,0
DA:113,0
DA:121,0
DA:132,0
DA:133,0
DA:141,0
DA:149,0
LF:34
LH:0
BRDA:19,0,0,0
BRDA:19,0,1,0
BRDA:27,1,0,0
BRDA:46,2,0,0
BRDA:46,2,1,0
BRDA:57,3,0,0
BRDA:57,3,1,0
BRDA:69,4,0,0
BRDA:69,4,1,0
BRDA:82,5,0,0
BRDA:82,5,1,0
BRDA:82,6,0,0
BRDA:82,6,1,0
BRDA:94,7,0,0
BRDA:94,7,1,0
BRF:15
BRH:0
end_of_record
TN:
SF:src/shared/infinite-mode.js
FN:66,initInfiniteMode
FN:79,isInfiniteMode
FN:86,toggleInfiniteMode
FN:110,setInfiniteMode
FN:128,getSeed
FN:135,setSeed
FN:163,generateNewSeed
FN:175,getDifficulty
FN:182,setDifficulty
FN:201,getDifficultyConfig
FN:208,getDifficultyOptions
FN:215,startInfiniteSession
FN:234,endInfiniteSession
FN:249,recordPuzzleAttempt
FN:262,recordPuzzleCompletion
FN:283,recordPuzzleFailure
FN:296,getSessionStats
FN:323,formatSeed
FN:331,parseSeed
FN:351,createInfiniteRNG
FN:358,generateLevelParams
FN:381,formatDuration
FN:397,getState
FNF:23
FNH:0
FNDA:0,initInfiniteMode
FNDA:0,isInfiniteMode
FNDA:0,toggleInfiniteMode
FNDA:0,setInfiniteMode
FNDA:0,getSeed
FNDA:0,setSeed
FNDA:0,generateNewSeed
FNDA:0,getDifficulty
FNDA:0,setDifficulty
FNDA:0,getDifficultyConfig
FNDA:0,getDifficultyOptions
FNDA:0,startInfiniteSession
FNDA:0,endInfiniteSession
FNDA:0,recordPuzzleAttempt
FNDA:0,recordPuzzleCompletion
FNDA:0,recordPuzzleFailure
FNDA:0,getSessionStats
FNDA:0,formatSeed
FNDA:0,parseSeed
FNDA:0,createInfiniteRNG
FNDA:0,generateLevelParams
FNDA:0,formatDuration
FNDA:0,getState
DA:15,0
DA:49,0
DA:67,0
DA:69,0
DA:70,0
DA:71,0
DA:73,0
DA:80,0
DA:87,0
DA:90,0
DA:93,0
DA:94,0
DA:96,0
DA:100,0
DA:104,0
DA:111,0
DA:113,0
DA:114,0
DA:116,0
DA:117,0
DA:120,0
DA:129,0
DA:137,0
DA:139,0
DA:140,0
DA:141,0
DA:142,0
DA:144,0
DA:145,0
DA:146,0
DA:147,0
DA:148,0
DA:151,0
DA:152,0
DA:155,0
DA:157,0
DA:164,0
DA:165,0
DA:167,0
DA:169,0
DA:176,0
DA:183,0
DA:184,0
DA:185,0
DA:188,0
DA:189,0
DA:191,0
DA:195,0
DA:202,0
DA:209,0
DA:216,0
DA:217,0
DA:218,0
DA:219,0
DA:220,0
DA:221,0
DA:224,0
DA:225,0
DA:228,0
DA:235,0
DA:237,0
DA:238,0
DA:241,0
DA:243,0
DA:250,0
DA:252,0
DA:254,0
DA:263,0
DA:265,0
DA:266,0
DA:267,0
DA:268,0
DA:271,0
DA:273,0
DA:284,0
DA:286,0
DA:288,0
DA:297,0
DA:301,0
DA:324,0
DA:325,0
DA:332,0
DA:334,0
DA:335,0
DA:336,0
DA:340,0
DA:341,0
DA:342,0
DA:343,0
DA:345,0
DA:352,0
DA:359,0
DA:360,0
DA:363,0
DA:370,0
DA:371,0
DA:372,0
DA:373,0
DA:375,0
DA:382,0
DA:384,0
DA:385,0
DA:387,0
DA:388,0
DA:391,0
DA:398,0
LF:106
LH:0
BRDA:69,0,0,0
BRDA:69,0,1,0
BRDA:70,1,0,0
BRDA:70,1,1,0
BRDA:71,2,0,0
BRDA:71,2,1,0
BRDA:93,3,0,0
BRDA:93,3,1,0
BRDA:111,4,0,0
BRDA:111,4,1,0
BRDA:116,5,0,0
BRDA:116,5,1,0
BRDA:137,6,0,0
BRDA:137,6,1,0
BRDA:137,7,0,0
BRDA:137,7,1,0
BRDA:146,8,0,0
BRDA:146,8,1,0
BRDA:183,9,0,0
BRDA:183,9,1,0
BRDA:201,10,0,0
BRDA:224,11,0,0
BRDA:224,11,1,0
BRDA:237,12,0,0
BRDA:237,12,1,0
BRDA:250,13,0,0
BRDA:250,13,1,0
BRDA:262,14,0,0
BRDA:263,15,0,0
BRDA:263,15,1,0
BRDA:284,16,0,0
BRDA:284,16,1,0
BRDA:297,17,0,0
BRDA:297,17,1,0
BRDA:314,18,0,0
BRDA:314,18,1,0
BRDA:324,19,0,0
BRDA:324,19,1,0
BRDA:332,20,0,0
BRDA:332,20,1,0
BRDA:332,21,0,0
BRDA:332,21,1,0
BRDA:335,22,0,0
BRDA:335,22,1,0
BRDA:335,23,0,0
BRDA:335,23,1,0
BRDA:351,24,0,0
BRDA:352,25,0,0
BRDA:352,25,1,0
BRDA:382,26,0,0
BRDA:382,26,1,0
BRDA:382,27,0,0
BRDA:382,27,1,0
BRDA:387,28,0,0
BRDA:387,28,1,0
BRF:55
BRH:0
end_of_record
TN:
SF:src/shared/meta.js
FN:18,(anonymous_0)
FN:76,getLevelFromXP
FN:88,getXPForNextLevel
FN:98,getLevelProgress
FN:114,addXP
FN:152,awardLevelComplete
FN:180,awardDailyComplete
FN:195,awardAchievement
FN:203,getCurrentLevel
FN:211,getTotalXP
FN:219,getLevelInfo
FN:239,getUnlockedCosmetics
FN:246,isCosmeticUnlocked
FN:253,getProfileStats
FN:262,(anonymous_14)
FN:286,formatXP
FNF:16
FNH:0
FNDA:0,(anonymous_0)
FNDA:0,getLevelFromXP
FNDA:0,getXPForNextLevel
FNDA:0,getLevelProgress
FNDA:0,addXP
FNDA:0,awardLevelComplete
FNDA:0,awardDailyComplete
FNDA:0,awardAchievement
FNDA:0,getCurrentLevel
FNDA:0,getTotalXP
FNDA:0,getLevelInfo
FNDA:0,getUnlockedCosmetics
FNDA:0,isCosmeticUnlocked
FNDA:0,getProfileStats
FNDA:0,(anonymous_14)
FNDA:0,formatXP
DA:14,1
DA:18,0
DA:28,1
DA:62,1
DA:77,0
DA:78,0
DA:79,0
DA:82,0
DA:89,0
DA:90,0
DA:92,0
DA:99,0
DA:100,0
DA:101,0
DA:103,0
DA:104,0
DA:107,0
DA:115,0
DA:116,0
DA:118,0
DA:119,0
DA:120,0
DA:122,0
DA:125,0
DA:126,0
DA:127,0
DA:128,0
DA:129,0
DA:130,0
DA:131,0
DA:137,0
DA:139,0
DA:153,0
DA:154,0
DA:156,0
DA:157,0
DA:160,0
DA:161,0
DA:162,0
DA:165,0
DA:166,0
DA:174,0
DA:181,0
DA:182,0
DA:184,0
DA:185,0
DA:186,0
DA:189,0
DA:196,0
DA:197,0
DA:204,0
DA:205,0
DA:212,0
DA:213,0
DA:220,0
DA:221,0
DA:222,0
DA:223,0
DA:224,0
DA:226,0
DA:240,0
DA:247,0
DA:254,0
DA:255,0
DA:257,0
DA:258,0
DA:259,0
DA:260,0
DA:262,0
DA:263,0
DA:264,0
DA:265,0
DA:266,0
DA:269,0
DA:287,0
DA:288,0
DA:290,0
DA:291,0
DA:293,0
LF:79
LH:3
BRDA:78,0,0,0
BRDA:78,0,1,0
BRDA:89,1,0,0
BRDA:89,1,1,0
BRDA:100,2,0,0
BRDA:100,2,1,0
BRDA:101,3,0,0
BRDA:101,3,1,0
BRDA:103,4,0,0
BRDA:103,4,1,0
BRDA:125,5,0,0
BRDA:125,5,1,0
BRDA:127,6,0,0
BRDA:127,6,1,0
BRDA:129,7,0,0
BRDA:129,7,1,0
BRDA:152,8,0,0
BRDA:152,9,0,0
BRDA:156,10,0,0
BRDA:156,10,1,0
BRDA:156,11,0,0
BRDA:156,11,1,0
BRDA:161,12,0,0
BRDA:161,12,1,0
BRDA:170,13,0,0
BRDA:170,13,1,0
BRDA:171,14,0,0
BRDA:171,14,1,0
BRDA:171,15,0,0
BRDA:171,15,1,0
BRDA:180,16,0,0
BRDA:185,17,0,0
BRDA:185,17,1,0
BRDA:195,18,0,0
BRDA:196,19,0,0
BRDA:196,19,1,0
BRDA:223,20,0,0
BRDA:223,20,1,0
BRDA:224,21,0,0
BRDA:224,21,1,0
BRDA:263,22,0,0
BRDA:263,22,1,0
BRDA:264,23,0,0
BRDA:264,23,1,0
BRDA:265,24,0,0
BRDA:265,24,1,0
BRDA:266,25,0,0
BRDA:266,25,1,0
BRDA:287,26,0,0
BRDA:287,26,1,0
BRDA:290,27,0,0
BRDA:290,27,1,0
BRF:52
BRH:0
end_of_record
TN:
SF:src/shared/rng.js
FN:16,mulberry32
FN:17,(anonymous_1)
FN:30,createRNG
FN:38,(anonymous_3)
FN:43,(anonymous_4)
FN:48,(anonymous_5)
FN:53,(anonymous_6)
FN:58,(anonymous_7)
FNF:8
FNH:8
FNDA:26,mulberry32
FNDA:419,(anonymous_1)
FNDA:19,createRNG
FNDA:64,(anonymous_3)
FNDA:52,(anonymous_4)
FNDA:30,(anonymous_5)
FNDA:25,(anonymous_6)
FNDA:5,(anonymous_7)
DA:17,26
DA:18,419
DA:19,419
DA:20,419
DA:21,419
DA:31,19
DA:33,19
DA:39,64
DA:44,52
DA:49,30
DA:54,25
DA:59,5
DA:60,40
DA:61,40
DA:63,5
LF:15
LH:15
BRDA:48,0,0,30
BRF:1
BRH:1
end_of_record
TN:
SF:src/shared/share.js
FN:23,(anonymous_0)
FN:44,(anonymous_1)
FN:68,(anonymous_2)
FN:87,(anonymous_3)
FN:102,(anonymous_4)
FN:118,(anonymous_5)
FN:161,(anonymous_6)
FN:178,(anonymous_7)
FN:188,(anonymous_8)
FN:198,(anonymous_9)
FN:209,(anonymous_10)
FNF:11
FNH:0
FNDA:0,(anonymous_0)
FNDA:0,(anonymous_1)
FNDA:0,(anonymous_2)
FNDA:0,(anonymous_3)
FNDA:0,(anonymous_4)
FNDA:0,(anonymous_5)
FNDA:0,(anonymous_6)
FNDA:0,(anonymous_7)
FNDA:0,(anonymous_8)
FNDA:0,(anonymous_9)
FNDA:0,(anonymous_10)
DA:14,0
DA:25,0
DA:26,0
DA:27,0
DA:28,0
DA:30,0
DA:36,0
DA:45,0
DA:46,0
DA:47,0
DA:50,0
DA:51,0
DA:52,0
DA:53,0
DA:54,0
DA:55,0
DA:56,0
DA:57,0
DA:58,0
DA:69,0
DA:70,0
DA:72,0
DA:73,0
DA:74,0
DA:75,0
DA:76,0
DA:79,0
DA:88,0
DA:94,0
DA:103,0
DA:104,0
DA:105,0
DA:124,0
DA:126,0
DA:127,0
DA:129,0
DA:130,0
DA:132,0
DA:139,0
DA:140,0
DA:141,0
DA:142,0
DA:144,0
DA:145,0
DA:152,0
DA:153,0
DA:162,0
DA:163,0
DA:164,0
DA:165,0
DA:166,0
DA:167,0
DA:168,0
DA:169,0
DA:170,0
DA:179,0
DA:189,0
DA:199,0
DA:200,0
DA:201,0
DA:210,0
DA:211,0
DA:212,0
DA:215,0
DA:216,0
DA:217,0
DA:218,0
DA:219,0
DA:220,0
DA:221,0
DA:222,0
DA:223,0
LF:72
LH:0
BRDA:25,0,0,0
BRDA:25,0,1,0
BRDA:30,1,0,0
BRDA:30,1,1,0
BRDA:36,2,0,0
BRDA:36,2,1,0
BRDA:72,3,0,0
BRDA:72,3,1,0
BRDA:73,4,0,0
BRDA:73,4,1,0
BRDA:74,5,0,0
BRDA:74,5,1,0
BRDA:75,6,0,0
BRDA:75,6,1,0
BRDA:76,7,0,0
BRDA:76,7,1,0
BRDA:94,8,0,0
BRDA:94,8,1,0
BRDA:118,9,0,0
BRDA:120,10,0,0
BRDA:121,11,0,0
BRDA:122,12,0,0
BRDA:129,13,0,0
BRDA:129,13,1,0
BRDA:139,14,0,0
BRDA:139,14,1,0
BRDA:139,15,0,0
BRDA:139,15,1,0
BRDA:144,16,0,0
BRDA:144,16,1,0
BRF:30
BRH:0
end_of_record
TN:
SF:src/shared/storage.js
FN:57,initStorage
FN:78,load
FN:103,save
FN:128,getProfile
FN:135,updateProfile
FN:144,getGameStats
FN:152,updateGameStats
FN:167,getSettings
FN:175,updateSettings
FN:184,hasAchievement
FN:192,unlockAchievement
FN:207,hasCosmetic
FN:215,unlockCosmetic
FN:230,getDailyChallengeData
FN:243,saveDailyChallengeData
FN:256,exportProfile
FN:264,importProfile
FN:279,clearAllData
FN:284,(anonymous_18)
FN:299,validateProfile
FN:310,migrate
FN:321,(anonymous_21)
FN:359,(anonymous_22)
FNF:23
FNH:17
FNDA:63,initStorage
FNDA:63,load
FNDA:11,save
FNDA:34,getProfile
FNDA:3,updateProfile
FNDA:6,getGameStats
FNDA:3,updateGameStats
FNDA:2,getSettings
FNDA:1,updateSettings
FNDA:6,hasAchievement
FNDA:4,unlockAchievement
FNDA:6,hasCosmetic
FNDA:3,unlockCosmetic
FNDA:11,getDailyChallengeData
FNDA:2,saveDailyChallengeData
FNDA:0,exportProfile
FNDA:0,importProfile
FNDA:22,clearAllData
FNDA:1,(anonymous_18)
FNDA:0,validateProfile
FNDA:0,migrate
FNDA:0,(anonymous_21)
FNDA:0,(anonymous_22)
DA:11,2
DA:12,2
DA:15,2
DA:41,2
DA:52,2
DA:58,63
DA:59,63
DA:62,63
DA:63,0
DA:64,0
DA:67,63
DA:69,0
DA:70,0
DA:71,0
DA:79,63
DA:80,41
DA:83,22
DA:84,22
DA:86,22
DA:87,0
DA:88,0
DA:89,0
DA:92,22
DA:93,22
DA:95,0
DA:96,0
DA:104,11
DA:105,0
DA:106,0
DA:109,11
DA:110,11
DA:111,11
DA:112,11
DA:113,11
DA:115,0
DA:117,0
DA:118,0
DA:121,0
DA:129,34
DA:136,3
DA:137,3
DA:138,3
DA:145,6
DA:146,6
DA:153,3
DA:154,3
DA:156,3
DA:161,3
DA:168,2
DA:169,2
DA:176,1
DA:177,1
DA:178,1
DA:185,6
DA:186,6
DA:193,4
DA:194,2
DA:197,2
DA:198,2
DA:199,2
DA:201,2
DA:208,6
DA:209,6
DA:216,3
DA:217,1
DA:220,2
DA:221,2
DA:222,2
DA:224,2
DA:231,11
DA:232,11
DA:233,11
DA:234,11
DA:236,0
DA:244,2
DA:245,2
DA:246,2
DA:247,2
DA:249,0
DA:257,0
DA:258,0
DA:265,0
DA:266,0
DA:267,0
DA:268,0
DA:269,0
DA:271,0
DA:272,0
DA:280,22
DA:281,22
DA:283,22
DA:284,22
DA:285,1
DA:286,1
DA:290,22
DA:291,22
DA:293,0
DA:300,0
DA:302,0
DA:303,0
DA:304,0
DA:305,0
DA:307,0
DA:311,0
DA:314,0
DA:315,0
DA:317,0
DA:318,0
DA:321,0
DA:322,0
DA:330,0
DA:331,0
DA:334,0
DA:340,0
DA:341,0
DA:343,0
DA:344,0
DA:346,0
DA:347,0
DA:349,0
DA:350,0
DA:354,0
DA:358,2
DA:359,2
DA:360,0
DA:361,0
LF:126
LH:71
BRDA:62,0,0,0
BRDA:62,0,1,63
BRDA:79,1,0,41
BRDA:79,1,1,22
BRDA:86,2,0,0
BRDA:86,2,1,22
BRDA:103,3,0,11
BRDA:104,4,0,0
BRDA:104,4,1,11
BRDA:117,5,0,0
BRDA:117,5,1,0
BRDA:129,6,0,34
BRDA:129,6,1,0
BRDA:146,7,0,6
BRDA:146,7,1,3
BRDA:193,8,0,2
BRDA:193,8,1,2
BRDA:216,9,0,1
BRDA:216,9,1,2
BRDA:234,10,0,1
BRDA:234,10,1,10
BRDA:285,11,0,1
BRDA:285,11,1,0
BRDA:302,12,0,0
BRDA:302,12,1,0
BRDA:303,13,0,0
BRDA:303,13,1,0
BRDA:304,14,0,0
BRDA:304,14,1,0
BRDA:305,15,0,0
BRDA:305,15,1,0
BRDA:314,16,0,0
BRDA:314,16,1,0
BRDA:314,17,0,0
BRDA:314,17,1,0
BRDA:317,18,0,0
BRDA:317,18,1,0
BRDA:321,19,0,0
BRDA:321,19,1,0
BRDA:330,20,0,0
BRDA:330,20,1,0
BRDA:340,21,0,0
BRDA:340,21,1,0
BRDA:343,22,0,0
BRDA:343,22,1,0
BRDA:346,23,0,0
BRDA:346,23,1,0
BRDA:349,24,0,0
BRDA:349,24,1,0
BRDA:358,25,0,2
BRDA:358,25,1,0
BRDA:360,26,0,0
BRDA:360,26,1,0
BRF:53
BRH:17
end_of_record
TN:
SF:src/shared/undo-timeline.js
FN:23,createUndoTimeline
FN:63,(anonymous_1)
FN:70,generateThumbnail
FN:96,createThumbnailElement
FN:115,(anonymous_4)
FN:122,(anonymous_5)
FN:132,updateTimeline
FN:189,updateIndicator
FN:204,scrollToCurrent
FN:218,jumpToIndex
FN:232,handleDragStart
FN:246,handleDragMove
FN:261,(anonymous_12)
FN:273,handleDragEnd
FN:295,handleKeyDown
FN:331,(anonymous_15)
FN:341,setHistory
FN:349,setPosition
FN:357,refresh
FN:367,cleanup
FN:379,setVisible
FN:386,isVisible
FNF:22
FNH:0
FNDA:0,createUndoTimeline
FNDA:0,(anonymous_1)
FNDA:0,generateThumbnail
FNDA:0,createThumbnailElement
FNDA:0,(anonymous_4)
FNDA:0,(anonymous_5)
FNDA:0,updateTimeline
FNDA:0,updateIndicator
FNDA:0,scrollToCurrent
FNDA:0,jumpToIndex
FNDA:0,handleDragStart
FNDA:0,handleDragMove
FNDA:0,(anonymous_12)
FNDA:0,handleDragEnd
FNDA:0,handleKeyDown
FNDA:0,(anonymous_15)
FNDA:0,setHistory
FNDA:0,setPosition
FNDA:0,refresh
FNDA:0,cleanup
FNDA:0,setVisible
FNDA:0,isVisible
DA:31,0
DA:34,0
DA:35,0
DA:36,0
DA:37,0
DA:38,0
DA:39,0
DA:40,0
DA:43,0
DA:44,0
DA:45,0
DA:46,0
DA:47,0
DA:48,0
DA:50,0
DA:51,0
DA:52,0
DA:54,0
DA:55,0
DA:56,0
DA:58,0
DA:61,0
DA:62,0
DA:63,0
DA:64,0
DA:71,0
DA:72,0
DA:77,0
DA:78,0
DA:79,0
DA:80,0
DA:82,0
DA:83,0
DA:86,0
DA:87,0
DA:90,0
DA:97,0
DA:98,0
DA:99,0
DA:101,0
DA:102,0
DA:103,0
DA:104,0
DA:105,0
DA:107,0
DA:108,0
DA:109,0
DA:111,0
DA:112,0
DA:115,0
DA:116,0
DA:117,0
DA:122,0
DA:123,0
DA:126,0
DA:133,0
DA:135,0
DA:136,0
DA:138,0
DA:139,0
DA:142,0
DA:143,0
DA:144,0
DA:147,0
DA:150,0
DA:151,0
DA:154,0
DA:155,0
DA:157,0
DA:158,0
DA:160,0
DA:162,0
DA:163,0
DA:167,0
DA:168,0
DA:171,0
DA:175,0
DA:176,0
DA:177,0
DA:180,0
DA:183,0
DA:190,0
DA:191,0
DA:192,0
DA:193,0
DA:194,0
DA:196,0
DA:197,0
DA:205,0
DA:206,0
DA:207,0
DA:219,0
DA:221,0
DA:222,0
DA:223,0
DA:224,0
DA:225,0
DA:233,0
DA:234,0
DA:235,0
DA:237,0
DA:238,0
DA:240,0
DA:247,0
DA:249,0
DA:250,0
DA:252,0
DA:255,0
DA:256,0
DA:257,0
DA:258,0
DA:259,0
DA:261,0
DA:262,0
DA:263,0
DA:267,0
DA:274,0
DA:277,0
DA:278,0
DA:279,0
DA:280,0
DA:281,0
DA:284,0
DA:285,0
DA:286,0
DA:289,0
DA:296,0
DA:298,0
DA:300,0
DA:301,0
DA:302,0
DA:304,0
DA:305,0
DA:306,0
DA:308,0
DA:309,0
DA:310,0
DA:312,0
DA:313,0
DA:314,0
DA:319,0
DA:320,0
DA:322,0
DA:323,0
DA:325,0
DA:326,0
DA:328,0
DA:331,0
DA:332,0
DA:336,0
DA:342,0
DA:343,0
DA:350,0
DA:351,0
DA:358,0
DA:359,0
DA:360,0
DA:368,0
DA:369,0
DA:370,0
DA:371,0
DA:372,0
DA:373,0
DA:380,0
DA:387,0
DA:390,0
LF:166
LH:0
BRDA:28,0,0,0
BRDA:29,1,0,0
BRDA:30,2,0,0
BRDA:86,3,0,0
BRDA:86,3,1,0
BRDA:116,4,0,0
BRDA:116,4,1,0
BRDA:133,5,0,0
BRDA:133,5,1,0
BRDA:142,6,0,0
BRDA:142,6,1,0
BRDA:162,7,0,0
BRDA:162,7,1,0
BRDA:167,8,0,0
BRDA:167,8,1,0
BRDA:191,9,0,0
BRDA:191,9,1,0
BRDA:206,10,0,0
BRDA:206,10,1,0
BRDA:208,11,0,0
BRDA:208,11,1,0
BRDA:219,12,0,0
BRDA:219,12,1,0
BRDA:219,13,0,0
BRDA:219,13,1,0
BRDA:219,13,2,0
BRDA:222,14,0,0
BRDA:222,14,1,0
BRDA:222,15,0,0
BRDA:222,15,1,0
BRDA:234,16,0,0
BRDA:234,16,1,0
BRDA:234,16,2,0
BRDA:247,17,0,0
BRDA:247,17,1,0
BRDA:249,18,0,0
BRDA:249,18,1,0
BRDA:249,18,2,0
BRDA:258,19,0,0
BRDA:258,19,1,0
BRDA:258,20,0,0
BRDA:258,20,1,0
BRDA:274,21,0,0
BRDA:274,21,1,0
BRDA:278,22,0,0
BRDA:278,22,1,0
BRDA:296,23,0,0
BRDA:296,23,1,0
BRDA:298,24,0,0
BRDA:298,24,1,0
BRDA:298,24,2,0
BRDA:298,24,3,0
BRDA:358,25,0,0
BRDA:358,25,1,0
BRDA:380,26,0,0
BRDA:380,26,1,0
BRF:56
BRH:0
end_of_record
TN:
SF:src/shared/zen-mode.js
FN:66,initZenMode
FN:87,isZenMode
FN:94,toggleZenMode
FN:126,(anonymous_3)
FN:137,applyZenMode
FN:148,initAmbientAudio
FN:159,playAmbientAudio
FN:192,stopAmbientAudio
FN:202,setAmbientVolume
FN:217,getAmbiance
FN:224,getVolume
FN:231,fadeIn
FN:237,(anonymous_12)
FN:247,fadeOut
FN:254,(anonymous_14)
FN:268,startZenSession
FN:276,endZenSession
FN:291,recordPuzzleCompletion
FN:308,getRandomCompletionMessage
FN:316,getRandomSessionQuote
FN:324,formatDuration
FN:338,getSessionSummary
FN:352,getAmbientTracks
FN:353,(anonymous_23)
FN:363,checkAudioAvailable
FN:375,getZenConfig
FNF:26
FNH:0
FNDA:0,initZenMode
FNDA:0,isZenMode
FNDA:0,toggleZenMode
FNDA:0,(anonymous_3)
FNDA:0,applyZenMode
FNDA:0,initAmbientAudio
FNDA:0,playAmbientAudio
FNDA:0,stopAmbientAudio
FNDA:0,setAmbientVolume
FNDA:0,getAmbiance
FNDA:0,getVolume
FNDA:0,fadeIn
FNDA:0,(anonymous_12)
FNDA:0,fadeOut
FNDA:0,(anonymous_14)
FNDA:0,startZenSession
FNDA:0,endZenSession
FNDA:0,recordPuzzleCompletion
FNDA:0,getRandomCompletionMessage
FNDA:0,getRandomSessionQuote
FNDA:0,formatDuration
FNDA:0,getSessionSummary
FNDA:0,getAmbientTracks
FNDA:0,(anonymous_23)
FNDA:0,checkAudioAvailable
FNDA:0,getZenConfig
DA:14,0
DA:51,0
DA:61,0
DA:67,0
DA:69,0
DA:70,0
DA:71,0
DA:74,0
DA:75,0
DA:79,0
DA:81,0
DA:88,0
DA:95,0
DA:96,0
DA:98,0
DA:101,0
DA:104,0
DA:107,0
DA:108,0
DA:109,0
DA:110,0
DA:114,0
DA:115,0
DA:117,0
DA:121,0
DA:126,0
DA:127,0
DA:128,0
DA:131,0
DA:138,0
DA:139,0
DA:141,0
DA:149,0
DA:151,0
DA:152,0
DA:153,0
DA:160,0
DA:162,0
DA:163,0
DA:164,0
DA:167,0
DA:168,0
DA:172,0
DA:173,0
DA:176,0
DA:177,0
DA:179,0
DA:180,0
DA:181,0
DA:182,0
DA:183,0
DA:185,0
DA:193,0
DA:195,0
DA:196,0
DA:203,0
DA:205,0
DA:206,0
DA:209,0
DA:211,0
DA:218,0
DA:225,0
DA:232,0
DA:233,0
DA:234,0
DA:236,0
DA:237,0
DA:238,0
DA:239,0
DA:248,0
DA:249,0
DA:250,0
DA:251,0
DA:253,0
DA:254,0
DA:255,0
DA:256,0
DA:260,0
DA:261,0
DA:269,0
DA:270,0
DA:277,0
DA:282,0
DA:283,0
DA:285,0
DA:292,0
DA:294,0
DA:297,0
DA:299,0
DA:309,0
DA:310,0
DA:317,0
DA:318,0
DA:325,0
DA:326,0
DA:328,0
DA:329,0
DA:332,0
DA:339,0
DA:341,0
DA:353,0
DA:364,0
DA:365,0
DA:366,0
DA:368,0
DA:376,0
LF:106
LH:0
BRDA:69,0,0,0
BRDA:69,0,1,0
BRDA:70,1,0,0
BRDA:70,1,1,0
BRDA:71,2,0,0
BRDA:71,2,1,0
BRDA:74,3,0,0
BRDA:74,3,1,0
BRDA:107,4,0,0
BRDA:107,4,1,0
BRDA:107,5,0,0
BRDA:107,5,1,0
BRDA:109,6,0,0
BRDA:109,6,1,0
BRDA:114,7,0,0
BRDA:114,7,1,0
BRDA:138,8,0,0
BRDA:138,8,1,0
BRDA:149,9,0,0
BRDA:149,9,1,0
BRDA:162,10,0,0
BRDA:162,10,1,0
BRDA:162,11,0,0
BRDA:162,11,1,0
BRDA:167,12,0,0
BRDA:167,12,1,0
BRDA:172,13,0,0
BRDA:172,13,1,0
BRDA:193,14,0,0
BRDA:193,14,1,0
BRDA:193,15,0,0
BRDA:193,15,1,0
BRDA:205,16,0,0
BRDA:205,16,1,0
BRDA:238,17,0,0
BRDA:238,17,1,0
BRDA:250,18,0,0
BRDA:250,18,1,0
BRDA:255,19,0,0
BRDA:255,19,1,0
BRDA:260,20,0,0
BRDA:260,20,1,0
BRDA:278,21,0,0
BRDA:278,21,1,0
BRDA:292,22,0,0
BRDA:292,22,1,0
BRDA:328,23,0,0
BRDA:328,23,1,0
BRDA:332,24,0,0
BRDA:332,24,1,0
BRDA:339,25,0,0
BRDA:339,25,1,0
BRDA:356,26,0,0
BRDA:356,26,1,0
BRF:54
BRH:0
end_of_record
TN:
SF:src/shared/zen-session.js
FN:22,createZenSessionSummary
FN:27,(anonymous_1)
FN:28,(anonymous_2)
FN:78,(anonymous_3)
FN:85,(anonymous_4)
FN:92,(anonymous_5)
FN:109,createZenLevelComplete
FN:130,(anonymous_7)
FN:132,(anonymous_8)
FN:144,formatDuration
FN:166,showZenSessionSummary
FN:167,(anonymous_11)
FN:170,(anonymous_12)
FN:174,(anonymous_13)
FN:193,showZenLevelComplete
FN:203,shouldShowZenUI
FNF:16
FNH:0
FNDA:0,createZenSessionSummary
FNDA:0,(anonymous_1)
FNDA:0,(anonymous_2)
FNDA:0,(anonymous_3)
FNDA:0,(anonymous_4)
FNDA:0,(anonymous_5)
FNDA:0,createZenLevelComplete
FNDA:0,(anonymous_7)
FNDA:0,(anonymous_8)
FNDA:0,formatDuration
FNDA:0,showZenSessionSummary
FNDA:0,(anonymous_11)
FNDA:0,(anonymous_12)
FNDA:0,(anonymous_13)
FNDA:0,showZenLevelComplete
FNDA:0,shouldShowZenUI
DA:29,0
DA:31,0
DA:32,0
DA:35,0
DA:36,0
DA:37,0
DA:38,0
DA:40,0
DA:74,0
DA:75,0
DA:77,0
DA:78,0
DA:79,0
DA:80,0
DA:84,0
DA:85,0
DA:86,0
DA:87,0
DA:92,0
DA:93,0
DA:94,0
DA:95,0
DA:96,0
DA:99,0
DA:101,0
DA:114,0
DA:116,0
DA:117,0
DA:118,0
DA:119,0
DA:121,0
DA:129,0
DA:130,0
DA:131,0
DA:132,0
DA:136,0
DA:145,0
DA:147,0
DA:148,0
DA:150,0
DA:151,0
DA:154,0
DA:155,0
DA:158,0
DA:167,0
DA:168,0
DA:171,0
DA:172,0
DA:175,0
DA:176,0
DA:180,0
DA:183,0
DA:184,0
DA:194,0
DA:195,0
DA:196,0
DA:204,0
LF:57
LH:0
BRDA:22,0,0,0
BRDA:24,1,0,0
BRDA:25,2,0,0
BRDA:26,3,0,0
BRDA:27,4,0,0
BRDA:28,5,0,0
BRDA:49,6,0,0
BRDA:49,6,1,0
BRDA:49,7,0,0
BRDA:49,7,1,0
BRDA:49,8,0,0
BRDA:49,8,1,0
BRDA:53,9,0,0
BRDA:53,9,1,0
BRDA:57,10,0,0
BRDA:57,10,1,0
BRDA:61,11,0,0
BRDA:61,11,1,0
BRDA:77,12,0,0
BRDA:77,12,1,0
BRDA:84,13,0,0
BRDA:84,13,1,0
BRDA:93,14,0,0
BRDA:93,14,1,0
BRDA:109,15,0,0
BRDA:111,16,0,0
BRDA:112,17,0,0
BRDA:113,18,0,0
BRDA:129,19,0,0
BRDA:129,19,1,0
BRDA:145,20,0,0
BRDA:145,20,1,0
BRDA:145,21,0,0
BRDA:145,21,1,0
BRDA:150,22,0,0
BRDA:150,22,1,0
BRDA:151,23,0,0
BRDA:151,23,1,0
BRDA:154,24,0,0
BRDA:154,24,1,0
BRDA:155,25,0,0
BRDA:155,25,1,0
BRDA:158,26,0,0
BRDA:158,26,1,0
BRDA:158,27,0,0
BRDA:158,27,1,0
BRDA:166,28,0,0
BRDA:193,29,0,0
BRF:48
BRH:0
end_of_record
